2017-12-21 12:12:27.870 [main] INFO RedisIniter - connect
2017-12-21 12:12:27.880 [main] INFO MongoseIniter - MongoDB open:deliverwater
2017-12-21 12:12:27.883 [main] INFO RedisIniter - Ready
2017-12-21 12:12:28.002 [main] ERROR server - TypeError: a.registerServer is not a function
2017-12-21 12:12:28.003 [main] ERROR server - TypeError: a.registerServer is not a function
    at Job.job (/Users/jsen/Documents/GitProjects/POJ/DeliverWater/Server/DeliverWaterSocket/product/bundle.js:1:11974)
    at Job.invoke (/Users/jsen/Documents/GitProjects/POJ/DeliverWater/Server/DeliverWaterSocket/node_modules/_node-schedule@1.2.5@node-schedule/lib/schedule.js:173:10)
    at Timeout._onTimeout (/Users/jsen/Documents/GitProjects/POJ/DeliverWater/Server/DeliverWaterSocket/node_modules/_node-schedule@1.2.5@node-schedule/lib/schedule.js:538:11)
    at ontimeout (timers.js:478:11)
    at tryOnTimeout (timers.js:302:5)
    at Timer.listOnTimeout (timers.js:262:5)
2017-12-21 12:12:28.843 [main] INFO RedisIniter - connect
2017-12-21 12:12:28.855 [main] INFO MongoseIniter - MongoDB open:deliverwater
2017-12-21 12:12:28.859 [main] INFO RedisIniter - Ready
2017-12-21 12:12:29.570 [main] INFO server - 服务器端口：7083
2017-12-21 12:12:29.575 [main] INFO RedisIniter - connect
2017-12-21 12:12:29.582 [main] INFO MongoseIniter - MongoDB open:deliverwater
2017-12-21 12:12:29.585 [main] INFO RedisIniter - Ready
2017-12-21 12:12:33.167 [main] INFO ControllerSocketServer - order receive Notify Api Call
2017-12-21 12:12:16.540 [main] INFO RedisIniter - connect
2017-12-21 12:12:16.551 [main] INFO MongoseIniter - MongoDB open:deliverwater
2017-12-21 12:12:16.553 [main] INFO RedisIniter - Ready
2017-12-21 12:12:17.225 [main] INFO server - 服务器端口：7083
2017-12-21 12:12:17.232 [main] INFO RedisIniter - connect
2017-12-21 12:12:17.240 [main] INFO MongoseIniter - MongoDB open:deliverwater
2017-12-21 12:12:17.242 [main] INFO RedisIniter - Ready
2017-12-21 12:12:18.081 [main] INFO RedisIniter - connect
2017-12-21 12:12:18.091 [main] INFO MongoseIniter - MongoDB open:deliverwater
2017-12-21 12:12:18.093 [main] INFO RedisIniter - Ready
2017-12-21 12:12:18.752 [main] INFO server - 服务器端口：7083
2017-12-21 12:12:18.758 [main] INFO RedisIniter - connect
2017-12-21 12:12:19.833 [main] INFO RedisIniter - connect
2017-12-21 12:12:19.843 [main] INFO MongoseIniter - MongoDB open:deliverwater
2017-12-21 12:12:19.845 [main] INFO RedisIniter - Ready
2017-12-21 12:12:20.536 [main] INFO server - 服务器端口：7083
2017-12-21 12:12:20.542 [main] INFO RedisIniter - connect
2017-12-21 12:12:20.550 [main] INFO MongoseIniter - MongoDB open:deliverwater
2017-12-21 12:12:20.552 [main] INFO RedisIniter - Ready
2017-12-21 12:12:25.110 [main] INFO ControllerSocketServer - order receive Notify Api Call
