2017-12-19 15:12:28.369 [main] ERROR server - Error: ENOENT: no such file or directory, open '/Users/jsen/Documents/GitProjects/POJ/DeliverWater/Server/DeliverWaterSocket/runtime/lock'
2017-12-19 15:12:28.371 [main] ERROR server - Error: ENOENT: no such file or directory, open '/Users/jsen/Documents/GitProjects/POJ/DeliverWater/Server/DeliverWaterSocket/runtime/lock'
2017-12-19 15:12:28.383 [main] INFO MongoseIniter - MongoDB open:undefined
2017-12-19 15:12:28.385 [main] INFO RedisIniter - connect
2017-12-19 15:12:28.389 [main] INFO RedisIniter - Ready
2017-12-19 15:12:29.169 [main] INFO Task - register succeed at time:Tue Dec 19 2017 15:48:29 GMT+0800 (CST)
2017-12-19 15:12:30.146 [main] INFO Task - register succeed at time:Tue Dec 19 2017 15:49:30 GMT+0800 (CST)
2017-12-19 15:12:12.589 [main] ERROR server - Error: ENOENT: no such file or directory, open '/Users/jsen/Documents/GitProjects/POJ/DeliverWater/Server/DeliverWaterSocket/runtime/lock'
2017-12-19 15:12:12.591 [main] ERROR server - Error: ENOENT: no such file or directory, open '/Users/jsen/Documents/GitProjects/POJ/DeliverWater/Server/DeliverWaterSocket/runtime/lock'
2017-12-19 15:12:12.603 [main] INFO MongoseIniter - MongoDB open:undefined
2017-12-19 15:12:12.606 [main] INFO RedisIniter - connect
2017-12-19 15:12:12.609 [main] INFO RedisIniter - Ready
2017-12-19 15:12:13.161 [main] INFO Task - register succeed at time:Tue Dec 19 2017 15:50:13 GMT+0800 (CST)
2017-12-19 15:12:14.153 [main] INFO Task - register succeed at time:Tue Dec 19 2017 15:51:14 GMT+0800 (CST)
2017-12-19 15:12:14.152 [main] INFO Task - register succeed at time:Tue Dec 19 2017 15:52:14 GMT+0800 (CST)
2017-12-19 15:12:46.285 [main] INFO server - 服务器端口：7083
2017-12-19 15:12:46.299 [main] INFO RedisIniter - connect
2017-12-19 15:12:46.306 [main] INFO MongoseIniter - MongoDB open:deliverwater
2017-12-19 15:12:46.309 [main] INFO RedisIniter - Ready
2017-12-19 15:12:14.218 [main] INFO server - 服务器端口：7083
2017-12-19 15:12:14.232 [main] INFO RedisIniter - connect
2017-12-19 15:12:14.239 [main] INFO MongoseIniter - MongoDB open:deliverwater
2017-12-19 15:12:14.242 [main] INFO RedisIniter - Ready
2017-12-19 15:12:19.269 [main] INFO server - 服务器端口：7083
2017-12-19 15:12:19.278 [main] INFO RedisIniter - connect
2017-12-19 15:12:19.286 [main] INFO MongoseIniter - MongoDB open:deliverwater
2017-12-19 15:12:19.289 [main] INFO RedisIniter - Ready
2017-12-19 15:12:35.903 [main] INFO server - 服务器端口：7083
2017-12-19 15:12:35.912 [main] INFO RedisIniter - connect
2017-12-19 15:12:35.920 [main] INFO MongoseIniter - MongoDB open:deliverwater
2017-12-19 15:12:35.923 [main] INFO RedisIniter - Ready
2017-12-19 15:12:57.890 [main] INFO server - 服务器端口：7083
2017-12-19 15:12:57.956 [main] INFO SocketIniter - connection
2017-12-19 15:12:59.433 [main] INFO SocketIniter - connection
2017-12-19 15:12:03.205 [main] INFO SocketIniter - disconnect
2017-12-19 15:12:03.285 [main] INFO SocketIniter - connection
2017-12-19 15:12:05.488 [main] INFO SocketIniter - disconnect
2017-12-19 15:12:05.545 [main] INFO SocketIniter - connection
2017-12-19 15:12:20.664 [main] INFO SocketIniter - disconnect
2017-12-19 15:12:20.724 [main] INFO SocketIniter - connection
2017-12-19 15:12:29.236 [main] INFO SocketIniter - disconnect
2017-12-19 15:12:29.301 [main] INFO SocketIniter - connection
2017-12-19 15:12:30.100 [main] INFO SocketIniter - disconnect
2017-12-19 15:12:30.159 [main] INFO SocketIniter - connection
2017-12-19 15:12:30.666 [main] INFO SocketIniter - disconnect
2017-12-19 15:12:30.723 [main] INFO SocketIniter - connection
2017-12-19 15:12:31.515 [main] INFO SocketIniter - disconnect
2017-12-19 15:12:31.575 [main] INFO SocketIniter - connection
2017-12-19 15:12:40.331 [main] INFO server - 服务器端口：7083
2017-12-19 15:12:57.168 [main] INFO server - 服务器端口：7083
2017-12-19 15:12:25.683 [main] INFO server - 服务器端口：7083
2017-12-19 15:12:43.639 [main] INFO server - 服务器端口：7083
2017-12-19 15:12:54.024 [main] INFO server - 服务器端口：7083
2017-12-19 15:12:54.033 [main] INFO RedisIniter - connect
2017-12-19 15:12:54.042 [main] INFO MongoseIniter - MongoDB open:deliverwater
2017-12-19 15:12:54.044 [main] INFO RedisIniter - Ready
2017-12-19 16:12:17.614 [main] INFO server - 服务器端口：7083
2017-12-19 16:12:17.623 [main] INFO RedisIniter - connect
2017-12-19 16:12:17.632 [main] INFO MongoseIniter - MongoDB open:deliverwater
2017-12-19 16:12:17.634 [main] INFO RedisIniter - Ready
2017-12-19 16:12:20.603 [main] INFO SocketIniter - connection
2017-12-19 16:12:21.794 [main] INFO SocketIniter - disconnect
2017-12-19 16:12:21.882 [main] INFO SocketIniter - connection
2017-12-19 16:12:23.231 [main] INFO SocketIniter - connection
2017-12-19 16:12:40.960 [main] INFO server - 服务器端口：7083
2017-12-19 16:12:40.968 [main] INFO RedisIniter - connect
2017-12-19 16:12:40.977 [main] INFO MongoseIniter - MongoDB open:deliverwater
2017-12-19 16:12:40.979 [main] INFO RedisIniter - Ready
2017-12-19 16:12:56.000 [main] INFO server - 服务器端口：7083
2017-12-19 16:12:56.009 [main] INFO RedisIniter - connect
2017-12-19 16:12:56.018 [main] INFO MongoseIniter - MongoDB open:deliverwater
2017-12-19 16:12:56.019 [main] INFO RedisIniter - Ready
2017-12-19 16:12:30.107 [main] INFO server - 服务器端口：7083
2017-12-19 16:12:30.115 [main] INFO RedisIniter - connect
2017-12-19 16:12:30.123 [main] INFO MongoseIniter - MongoDB open:deliverwater
2017-12-19 16:12:30.126 [main] INFO RedisIniter - Ready
2017-12-19 16:12:12.711 [main] ERROR server - Error: You are trying to attach socket.io to an express request handler function. Please pass a http.Server instance.
2017-12-19 16:12:12.714 [main] ERROR server - Error: You are trying to attach socket.io to an express request handler function. Please pass a http.Server instance.
    at Server.listen.Server.attach (/Users/jsen/Documents/GitProjects/POJ/DeliverWater/Server/DeliverWaterSocket/node_modules/_socket.io@2.0.4@socket.io/lib/index.js:222:11)
    at new Server (/Users/jsen/Documents/GitProjects/POJ/DeliverWater/Server/DeliverWaterSocket/node_modules/_socket.io@2.0.4@socket.io/lib/index.js:56:17)
    at Server (/Users/jsen/Documents/GitProjects/POJ/DeliverWater/Server/DeliverWaterSocket/node_modules/_socket.io@2.0.4@socket.io/lib/index.js:42:41)
    at Object.exports.init (/Users/jsen/Documents/GitProjects/POJ/DeliverWater/Server/DeliverWaterSocket/app/utils/wsocket/socket.initer.js:11:32)
    at Server.<anonymous> (/Users/jsen/Documents/GitProjects/POJ/DeliverWater/Server/DeliverWaterSocket/server.js:82:52)
    at Object.onceWrapper (events.js:254:19)
    at Server.emit (events.js:159:13)
    at emitListeningNT (net.js:1394:10)
    at _combinedTickCallback (internal/process/next_tick.js:135:11)
    at process._tickCallback (internal/process/next_tick.js:180:9)
    at Function.Module.runMain (module.js:684:11)
    at startup (bootstrap_node.js:191:16)
    at bootstrap_node.js:613:3
2017-12-19 16:12:12.722 [main] INFO RedisIniter - connect
2017-12-19 16:12:12.729 [main] INFO MongoseIniter - MongoDB open:deliverwater
2017-12-19 16:12:12.731 [main] INFO RedisIniter - Ready
2017-12-19 16:12:17.966 [main] INFO server - 服务器端口：7083
2017-12-19 16:12:17.975 [main] INFO RedisIniter - connect
2017-12-19 16:12:17.984 [main] INFO MongoseIniter - MongoDB open:deliverwater
2017-12-19 16:12:17.986 [main] INFO RedisIniter - Ready
2017-12-19 16:12:43.745 [main] INFO server - 服务器端口：7083
2017-12-19 16:12:43.754 [main] INFO RedisIniter - connect
2017-12-19 16:12:43.762 [main] INFO MongoseIniter - MongoDB open:deliverwater
2017-12-19 16:12:43.765 [main] INFO RedisIniter - Ready
2017-12-19 16:12:35.433 [main] INFO server - 服务器端口：7083
2017-12-19 16:12:52.660 [main] INFO server - 服务器端口：7083
2017-12-19 16:12:55.466 [main] INFO SocketIniter - connection
2017-12-19 16:12:57.669 [main] INFO SocketIniter - connection
2017-12-19 16:12:00.299 [main] INFO SocketIniter - disconnect
2017-12-19 16:12:00.366 [main] INFO SocketIniter - connection
2017-12-19 16:12:04.636 [main] INFO SocketIniter - disconnect
2017-12-19 16:12:04.706 [main] INFO SocketIniter - connection
2017-12-19 16:12:12.040 [main] INFO SocketIniter - disconnect
2017-12-19 16:12:12.102 [main] INFO SocketIniter - connection
2017-12-19 16:12:20.494 [main] INFO SocketIniter - disconnect
2017-12-19 16:12:20.569 [main] INFO SocketIniter - connection
2017-12-19 16:12:21.602 [main] INFO SocketIniter - disconnect
2017-12-19 16:12:21.678 [main] INFO SocketIniter - connection
2017-12-19 16:12:40.437 [main] INFO server - 服务器端口：7083
2017-12-19 16:12:42.899 [main] INFO SocketIniter - connection
2017-12-19 16:12:43.442 [main] INFO SocketIniter - connection
2017-12-19 16:12:47.990 [main] INFO SocketIniter - disconnect
2017-12-19 16:12:48.060 [main] INFO SocketIniter - connection
2017-12-19 16:12:05.076 [main] ERROR server - Error: ENOENT: no such file or directory, open '/Users/jsen/Documents/GitProjects/POJ/DeliverWater/Server/DeliverWaterSocket/runtime/lock'
2017-12-19 16:12:05.078 [main] ERROR server - Error: ENOENT: no such file or directory, open '/Users/jsen/Documents/GitProjects/POJ/DeliverWater/Server/DeliverWaterSocket/runtime/lock'
2017-12-19 16:12:05.092 [main] INFO MongoseIniter - MongoDB open:undefined
2017-12-19 16:12:05.094 [main] INFO RedisIniter - connect
2017-12-19 16:12:05.098 [main] INFO RedisIniter - Ready
2017-12-19 16:12:05.692 [main] ERROR server - [object Object]
2017-12-19 16:12:05.692 [main] ERROR server - Error: ENOENT: no such file or directory, open '/Users/jsen/Documents/GitProjects/POJ/DeliverWater/Server/DeliverWaterSocket/runtime/lock'
2017-12-19 16:12:05.694 [main] INFO server - 服务器端口：7083
2017-12-19 16:12:05.701 [main] INFO RedisIniter - connect
2017-12-19 16:12:05.708 [main] INFO MongoseIniter - MongoDB open:deliverwater
2017-12-19 16:12:05.710 [main] INFO RedisIniter - Ready
2017-12-19 16:12:06.162 [main] INFO Task - register succeed at time:Tue Dec 19 2017 16:09:06 GMT+0800 (CST)
2017-12-19 16:12:06.174 [main] INFO Task - register succeed at time:Tue Dec 19 2017 16:09:06 GMT+0800 (CST)
2017-12-19 16:12:07.969 [main] INFO SocketIniter - connection
2017-12-19 16:12:09.448 [main] INFO SocketIniter - connection
2017-12-19 16:12:21.567 [main] INFO SocketIniter - connection
2017-12-19 16:12:27.373 [main] INFO SocketIniter - connection
2017-12-19 16:12:31.017 [main] INFO SocketIniter - connection
2017-12-19 16:12:54.092 [main] ERROR server - Error: ENOENT: no such file or directory, open '/Users/jsen/Documents/GitProjects/POJ/DeliverWater/Server/DeliverWaterSocket/runtime/lock'
2017-12-19 16:12:54.094 [main] ERROR server - Error: ENOENT: no such file or directory, open '/Users/jsen/Documents/GitProjects/POJ/DeliverWater/Server/DeliverWaterSocket/runtime/lock'
2017-12-19 16:12:54.106 [main] INFO MongoseIniter - MongoDB open:undefined
2017-12-19 16:12:54.108 [main] INFO RedisIniter - connect
2017-12-19 16:12:54.111 [main] INFO RedisIniter - Ready
2017-12-19 16:12:54.669 [main] ERROR server - [object Object]
2017-12-19 16:12:54.670 [main] ERROR server - Error: ENOENT: no such file or directory, open '/Users/jsen/Documents/GitProjects/POJ/DeliverWater/Server/DeliverWaterSocket/runtime/lock'
2017-12-19 16:12:54.671 [main] INFO server - 服务器端口：7083
2017-12-19 16:12:54.676 [main] INFO RedisIniter - connect
2017-12-19 16:12:54.683 [main] INFO MongoseIniter - MongoDB open:deliverwater
2017-12-19 16:12:54.686 [main] INFO RedisIniter - Ready
2017-12-19 16:12:55.167 [main] INFO Task - register succeed at time:Tue Dec 19 2017 16:09:55 GMT+0800 (CST)
2017-12-19 16:12:55.173 [main] INFO Task - register succeed at time:Tue Dec 19 2017 16:09:55 GMT+0800 (CST)
2017-12-19 16:12:57.278 [main] INFO SocketIniter - connection
2017-12-19 16:12:57.392 [main] INFO SocketIniter - connection
2017-12-19 16:12:00.547 [main] INFO SocketIniter - connection
2017-12-19 16:12:02.360 [main] INFO SocketIniter - disconnect
2017-12-19 16:12:02.412 [main] INFO SocketIniter - connection
2017-12-19 16:12:03.721 [main] INFO SocketIniter - disconnect
2017-12-19 16:12:03.779 [main] INFO SocketIniter - connection
2017-12-19 16:12:04.630 [main] INFO SocketIniter - disconnect
2017-12-19 16:12:04.678 [main] INFO SocketIniter - connection
2017-12-19 16:12:05.350 [main] INFO SocketIniter - disconnect
2017-12-19 16:12:05.397 [main] INFO SocketIniter - connection
2017-12-19 16:12:05.981 [main] INFO SocketIniter - disconnect
2017-12-19 16:12:06.038 [main] INFO SocketIniter - connection
2017-12-19 16:12:06.648 [main] INFO SocketIniter - disconnect
2017-12-19 16:12:06.695 [main] INFO SocketIniter - connection
2017-12-19 16:12:56.137 [main] INFO Task - register succeed at time:Tue Dec 19 2017 16:10:56 GMT+0800 (CST)
2017-12-19 16:12:56.146 [main] INFO Task - register succeed at time:Tue Dec 19 2017 16:10:56 GMT+0800 (CST)
2017-12-19 16:12:22.396 [main] INFO SocketIniter - disconnect
2017-12-19 16:12:57.159 [main] INFO Task - register succeed at time:Tue Dec 19 2017 16:11:57 GMT+0800 (CST)
2017-12-19 16:12:57.158 [main] INFO Task - register succeed at time:Tue Dec 19 2017 16:11:57 GMT+0800 (CST)
2017-12-19 16:12:34.795 [main] INFO SocketIniter - disconnect
2017-12-19 16:12:34.861 [main] INFO SocketIniter - connection
2017-12-19 16:12:58.003 [main] ERROR Task - Failure,Error: network error
2017-12-19 16:12:58.002 [main] ERROR Task - Failure,Error: network error
2017-12-19 16:12:59.002 [main] ERROR Task - Failure,Error: network error
2017-12-19 16:12:59.003 [main] ERROR Task - Failure,Error: network error
2017-12-19 16:12:00.003 [main] ERROR Task - Failure,Error: network error
2017-12-19 16:12:00.003 [main] ERROR Task - Failure,Error: network error
2017-12-19 16:12:01.005 [main] ERROR Task - Failure,Error: network error
2017-12-19 16:12:01.005 [main] ERROR Task - Failure,Error: network error
2017-12-19 16:12:02.001 [main] ERROR Task - Failure,Error: network error
2017-12-19 16:12:02.003 [main] ERROR Task - Failure,Error: network error
2017-12-19 16:12:03.006 [main] ERROR Task - Failure,Error: network error
2017-12-19 16:12:03.006 [main] ERROR Task - Failure,Error: network error
2017-12-19 16:12:04.001 [main] ERROR Task - Failure,Error: network error
2017-12-19 16:12:04.001 [main] ERROR Task - Failure,Error: network error
2017-12-19 16:12:05.002 [main] ERROR Task - Failure,Error: network error
2017-12-19 16:12:05.002 [main] ERROR Task - Failure,Error: network error
2017-12-19 16:12:06.007 [main] ERROR Task - Failure,Error: network error
2017-12-19 16:12:06.007 [main] ERROR Task - Failure,Error: network error
2017-12-19 16:12:07.006 [main] ERROR Task - Failure,Error: network error
2017-12-19 16:12:07.007 [main] ERROR Task - Failure,Error: network error
2017-12-19 16:12:08.006 [main] ERROR Task - Failure,Error: network error
2017-12-19 16:12:08.006 [main] ERROR Task - Failure,Error: network error
2017-12-19 16:12:09.002 [main] ERROR Task - Failure,Error: network error
2017-12-19 16:12:09.001 [main] ERROR Task - Failure,Error: network error
2017-12-19 16:12:10.002 [main] ERROR Task - Failure,Error: network error
2017-12-19 16:12:10.003 [main] ERROR Task - Failure,Error: network error
2017-12-19 16:12:11.004 [main] ERROR Task - Failure,Error: network error
2017-12-19 16:12:11.007 [main] ERROR Task - Failure,Error: network error
2017-12-19 16:12:12.001 [main] ERROR Task - Failure,Error: network error
2017-12-19 16:12:12.002 [main] ERROR Task - Failure,Error: network error
2017-12-19 16:12:13.002 [main] ERROR Task - Failure,Error: network error
2017-12-19 16:12:13.002 [main] ERROR Task - Failure,Error: network error
2017-12-19 16:12:14.004 [main] ERROR Task - Failure,Error: network error
2017-12-19 16:12:14.004 [main] ERROR Task - Failure,Error: network error
2017-12-19 16:12:15.009 [main] ERROR Task - Failure,Error: network error
2017-12-19 16:12:15.007 [main] ERROR Task - Failure,Error: network error
2017-12-19 16:12:16.004 [main] ERROR Task - Failure,Error: network error
2017-12-19 16:12:16.007 [main] ERROR Task - Failure,Error: network error
2017-12-19 16:12:17.003 [main] ERROR Task - Failure,Error: network error
2017-12-19 16:12:17.005 [main] ERROR Task - Failure,Error: network error
2017-12-19 16:12:18.003 [main] ERROR Task - Failure,Error: network error
2017-12-19 16:12:18.003 [main] ERROR Task - Failure,Error: network error
2017-12-19 16:12:19.006 [main] ERROR Task - Failure,Error: network error
2017-12-19 16:12:19.006 [main] ERROR Task - Failure,Error: network error
2017-12-19 16:12:20.004 [main] ERROR Task - Failure,Error: network error
2017-12-19 16:12:20.004 [main] ERROR Task - Failure,Error: network error
2017-12-19 16:12:21.006 [main] ERROR Task - Failure,Error: network error
2017-12-19 16:12:21.006 [main] ERROR Task - Failure,Error: network error
2017-12-19 16:12:22.002 [main] ERROR Task - Failure,Error: network error
2017-12-19 16:12:22.002 [main] ERROR Task - Failure,Error: network error
2017-12-19 16:12:23.004 [main] ERROR Task - Failure,Error: network error
2017-12-19 16:12:23.004 [main] ERROR Task - Failure,Error: network error
2017-12-19 16:12:24.001 [main] ERROR Task - Failure,Error: network error
2017-12-19 16:12:24.001 [main] ERROR Task - Failure,Error: network error
2017-12-19 16:12:25.005 [main] ERROR Task - Failure,Error: network error
2017-12-19 16:12:25.006 [main] ERROR Task - Failure,Error: network error
2017-12-19 16:12:26.006 [main] ERROR Task - Failure,Error: network error
2017-12-19 16:12:26.006 [main] ERROR Task - Failure,Error: network error
2017-12-19 16:12:27.132 [main] INFO Task - register succeed at time:Tue Dec 19 2017 16:13:27 GMT+0800 (CST)
2017-12-19 16:12:27.144 [main] INFO Task - register succeed at time:Tue Dec 19 2017 16:13:27 GMT+0800 (CST)
2017-12-19 16:12:34.978 [main] INFO SocketIniter - disconnect
2017-12-19 16:12:35.261 [main] INFO SocketIniter - connection
2017-12-19 16:12:02.268 [main] INFO SocketIniter - disconnect
2017-12-19 16:12:02.385 [main] INFO SocketIniter - connection
2017-12-19 16:12:05.420 [main] INFO SocketIniter - disconnect
2017-12-19 16:12:20.155 [main] ERROR server - Error: ENOENT: no such file or directory, open '/Users/jsen/Documents/GitProjects/POJ/DeliverWater/Server/DeliverWaterSocket/runtime/lock'
2017-12-19 16:12:20.157 [main] ERROR server - Error: ENOENT: no such file or directory, open '/Users/jsen/Documents/GitProjects/POJ/DeliverWater/Server/DeliverWaterSocket/runtime/lock'
2017-12-19 16:12:20.170 [main] INFO MongoseIniter - MongoDB open:undefined
2017-12-19 16:12:20.172 [main] INFO RedisIniter - connect
2017-12-19 16:12:20.176 [main] INFO RedisIniter - Ready
2017-12-19 16:12:20.725 [main] ERROR server - [object Object]
2017-12-19 16:12:20.725 [main] ERROR server - Error: ENOENT: no such file or directory, open '/Users/jsen/Documents/GitProjects/POJ/DeliverWater/Server/DeliverWaterSocket/runtime/lock'
2017-12-19 16:12:20.727 [main] INFO server - 服务器端口：7083
2017-12-19 16:12:20.733 [main] INFO RedisIniter - connect
2017-12-19 16:12:20.739 [main] INFO MongoseIniter - MongoDB open:deliverwater
2017-12-19 16:12:20.742 [main] INFO RedisIniter - Ready
2017-12-19 16:12:21.172 [main] INFO Task - register succeed at time:Tue Dec 19 2017 16:14:21 GMT+0800 (CST)
2017-12-19 16:12:21.172 [main] INFO Task - register succeed at time:Tue Dec 19 2017 16:14:21 GMT+0800 (CST)
2017-12-19 16:12:23.911 [main] INFO SocketIniter - connection
2017-12-19 16:12:24.238 [main] INFO SocketIniter - connection
2017-12-19 16:12:26.462 [main] INFO SocketIniter - disconnect
2017-12-19 16:12:27.467 [main] INFO SocketIniter - connection
2017-12-19 16:12:30.989 [main] INFO SocketIniter - disconnect
2017-12-19 16:12:31.994 [main] INFO SocketIniter - connection
2017-12-19 16:12:34.011 [main] INFO SocketIniter - disconnect
2017-12-19 16:12:35.016 [main] INFO SocketIniter - connection
2017-12-19 16:12:36.972 [main] INFO SocketIniter - disconnect
2017-12-19 16:12:37.979 [main] INFO SocketIniter - connection
2017-12-19 16:12:53.052 [main] INFO SocketIniter - connection
2017-12-19 16:12:55.905 [main] INFO SocketIniter - disconnect
2017-12-19 16:12:56.912 [main] INFO SocketIniter - connection
2017-12-19 16:12:00.515 [main] INFO SocketIniter - disconnect
2017-12-19 16:12:01.524 [main] INFO SocketIniter - connection
2017-12-19 16:12:06.686 [main] INFO SocketIniter - disconnect
2017-12-19 16:12:07.693 [main] INFO SocketIniter - connection
2017-12-19 16:12:09.364 [main] INFO SocketIniter - disconnect
2017-12-19 16:12:10.371 [main] INFO SocketIniter - connection
2017-12-19 16:12:21.145 [main] INFO Task - register succeed at time:Tue Dec 19 2017 16:15:21 GMT+0800 (CST)
2017-12-19 16:12:21.150 [main] INFO Task - register succeed at time:Tue Dec 19 2017 16:15:21 GMT+0800 (CST)
2017-12-19 16:12:56.603 [main] INFO SocketIniter - connection
2017-12-19 16:12:02.270 [main] INFO SocketIniter - disconnect
2017-12-19 16:12:02.393 [main] INFO SocketIniter - connection
2017-12-19 16:12:02.982 [main] INFO SocketIniter - disconnect
2017-12-19 16:12:22.137 [main] INFO Task - register succeed at time:Tue Dec 19 2017 16:16:22 GMT+0800 (CST)
2017-12-19 16:12:22.142 [main] INFO Task - register succeed at time:Tue Dec 19 2017 16:16:22 GMT+0800 (CST)
2017-12-19 16:12:35.372 [main] INFO SocketIniter - disconnect
2017-12-19 16:12:22.141 [main] INFO Task - register succeed at time:Tue Dec 19 2017 16:17:22 GMT+0800 (CST)
2017-12-19 16:12:23.142 [main] INFO Task - register succeed at time:Tue Dec 19 2017 16:17:23 GMT+0800 (CST)
2017-12-19 16:12:22.149 [main] INFO Task - register succeed at time:Tue Dec 19 2017 16:18:22 GMT+0800 (CST)
2017-12-19 16:12:23.154 [main] INFO Task - register succeed at time:Tue Dec 19 2017 16:18:23 GMT+0800 (CST)
2017-12-19 16:12:23.138 [main] INFO Task - register succeed at time:Tue Dec 19 2017 16:19:23 GMT+0800 (CST)
2017-12-19 16:12:24.135 [main] INFO Task - register succeed at time:Tue Dec 19 2017 16:19:24 GMT+0800 (CST)
2017-12-19 16:12:24.140 [main] INFO Task - register succeed at time:Tue Dec 19 2017 16:20:24 GMT+0800 (CST)
2017-12-19 16:12:24.148 [main] INFO Task - register succeed at time:Tue Dec 19 2017 16:20:24 GMT+0800 (CST)
2017-12-19 16:12:24.149 [main] INFO Task - register succeed at time:Tue Dec 19 2017 16:21:24 GMT+0800 (CST)
2017-12-19 16:12:24.150 [main] INFO Task - register succeed at time:Tue Dec 19 2017 16:21:24 GMT+0800 (CST)
2017-12-19 16:12:25.150 [main] INFO Task - register succeed at time:Tue Dec 19 2017 16:22:25 GMT+0800 (CST)
2017-12-19 16:12:25.152 [main] INFO Task - register succeed at time:Tue Dec 19 2017 16:22:25 GMT+0800 (CST)
2017-12-19 16:12:26.156 [main] INFO Task - register succeed at time:Tue Dec 19 2017 16:23:26 GMT+0800 (CST)
2017-12-19 16:12:26.156 [main] INFO Task - register succeed at time:Tue Dec 19 2017 16:23:26 GMT+0800 (CST)
2017-12-19 16:12:26.155 [main] INFO Task - register succeed at time:Tue Dec 19 2017 16:24:26 GMT+0800 (CST)
2017-12-19 16:12:26.155 [main] INFO Task - register succeed at time:Tue Dec 19 2017 16:24:26 GMT+0800 (CST)
2017-12-19 16:12:27.132 [main] INFO Task - register succeed at time:Tue Dec 19 2017 16:25:27 GMT+0800 (CST)
2017-12-19 16:12:27.147 [main] INFO Task - register succeed at time:Tue Dec 19 2017 16:25:27 GMT+0800 (CST)
2017-12-19 16:12:27.144 [main] INFO Task - register succeed at time:Tue Dec 19 2017 16:26:27 GMT+0800 (CST)
2017-12-19 16:12:27.150 [main] INFO Task - register succeed at time:Tue Dec 19 2017 16:26:27 GMT+0800 (CST)
2017-12-19 16:12:28.148 [main] INFO Task - register succeed at time:Tue Dec 19 2017 16:27:28 GMT+0800 (CST)
2017-12-19 16:12:28.149 [main] INFO Task - register succeed at time:Tue Dec 19 2017 16:27:28 GMT+0800 (CST)
2017-12-19 16:12:29.151 [main] INFO Task - register succeed at time:Tue Dec 19 2017 16:28:29 GMT+0800 (CST)
2017-12-19 16:12:29.152 [main] INFO Task - register succeed at time:Tue Dec 19 2017 16:28:29 GMT+0800 (CST)
2017-12-19 16:12:29.135 [main] INFO Task - register succeed at time:Tue Dec 19 2017 16:29:29 GMT+0800 (CST)
2017-12-19 16:12:29.138 [main] INFO Task - register succeed at time:Tue Dec 19 2017 16:29:29 GMT+0800 (CST)
2017-12-19 16:12:29.143 [main] INFO Task - register succeed at time:Tue Dec 19 2017 16:30:29 GMT+0800 (CST)
2017-12-19 16:12:29.157 [main] INFO Task - register succeed at time:Tue Dec 19 2017 16:30:29 GMT+0800 (CST)
2017-12-19 16:12:30.134 [main] INFO Task - register succeed at time:Tue Dec 19 2017 16:31:30 GMT+0800 (CST)
2017-12-19 16:12:30.149 [main] INFO Task - register succeed at time:Tue Dec 19 2017 16:31:30 GMT+0800 (CST)
2017-12-19 16:12:31.147 [main] INFO Task - register succeed at time:Tue Dec 19 2017 16:32:31 GMT+0800 (CST)
2017-12-19 16:12:31.149 [main] INFO Task - register succeed at time:Tue Dec 19 2017 16:32:31 GMT+0800 (CST)
2017-12-19 16:12:32.146 [main] INFO Task - register succeed at time:Tue Dec 19 2017 16:33:32 GMT+0800 (CST)
2017-12-19 16:12:32.148 [main] INFO Task - register succeed at time:Tue Dec 19 2017 16:33:32 GMT+0800 (CST)
2017-12-19 16:12:32.146 [main] INFO Task - register succeed at time:Tue Dec 19 2017 16:34:32 GMT+0800 (CST)
2017-12-19 16:12:32.148 [main] INFO Task - register succeed at time:Tue Dec 19 2017 16:34:32 GMT+0800 (CST)
2017-12-19 16:12:33.152 [main] INFO Task - register succeed at time:Tue Dec 19 2017 16:35:33 GMT+0800 (CST)
2017-12-19 16:12:33.153 [main] INFO Task - register succeed at time:Tue Dec 19 2017 16:35:33 GMT+0800 (CST)
2017-12-19 16:12:34.134 [main] INFO Task - register succeed at time:Tue Dec 19 2017 16:36:34 GMT+0800 (CST)
2017-12-19 16:12:34.142 [main] INFO Task - register succeed at time:Tue Dec 19 2017 16:36:34 GMT+0800 (CST)
2017-12-19 16:12:35.145 [main] INFO Task - register succeed at time:Tue Dec 19 2017 16:37:35 GMT+0800 (CST)
2017-12-19 16:12:35.150 [main] INFO Task - register succeed at time:Tue Dec 19 2017 16:37:35 GMT+0800 (CST)
2017-12-19 16:12:36.146 [main] INFO Task - register succeed at time:Tue Dec 19 2017 16:38:36 GMT+0800 (CST)
2017-12-19 16:12:36.160 [main] INFO Task - register succeed at time:Tue Dec 19 2017 16:38:36 GMT+0800 (CST)
2017-12-19 16:12:37.163 [main] INFO Task - register succeed at time:Tue Dec 19 2017 16:39:37 GMT+0800 (CST)
2017-12-19 16:12:37.163 [main] INFO Task - register succeed at time:Tue Dec 19 2017 16:39:37 GMT+0800 (CST)
2017-12-19 16:12:38.137 [main] INFO Task - register succeed at time:Tue Dec 19 2017 16:40:38 GMT+0800 (CST)
2017-12-19 16:12:38.149 [main] INFO Task - register succeed at time:Tue Dec 19 2017 16:40:38 GMT+0800 (CST)
2017-12-19 16:12:38.139 [main] INFO Task - register succeed at time:Tue Dec 19 2017 16:41:38 GMT+0800 (CST)
2017-12-19 16:12:38.139 [main] INFO Task - register succeed at time:Tue Dec 19 2017 16:41:38 GMT+0800 (CST)
2017-12-19 16:12:38.141 [main] INFO Task - register succeed at time:Tue Dec 19 2017 16:42:38 GMT+0800 (CST)
2017-12-19 16:12:38.151 [main] INFO Task - register succeed at time:Tue Dec 19 2017 16:42:38 GMT+0800 (CST)
2017-12-19 16:12:39.157 [main] INFO Task - register succeed at time:Tue Dec 19 2017 16:43:39 GMT+0800 (CST)
2017-12-19 16:12:39.163 [main] INFO Task - register succeed at time:Tue Dec 19 2017 16:43:39 GMT+0800 (CST)
2017-12-19 16:12:40.151 [main] INFO Task - register succeed at time:Tue Dec 19 2017 16:44:40 GMT+0800 (CST)
2017-12-19 16:12:40.152 [main] INFO Task - register succeed at time:Tue Dec 19 2017 16:44:40 GMT+0800 (CST)
2017-12-19 16:12:41.170 [main] INFO Task - register succeed at time:Tue Dec 19 2017 16:45:41 GMT+0800 (CST)
2017-12-19 16:12:41.170 [main] INFO Task - register succeed at time:Tue Dec 19 2017 16:45:41 GMT+0800 (CST)
2017-12-19 16:12:42.275 [main] INFO Task - register succeed at time:Tue Dec 19 2017 16:46:42 GMT+0800 (CST)
2017-12-19 16:12:42.275 [main] INFO Task - register succeed at time:Tue Dec 19 2017 16:46:42 GMT+0800 (CST)
2017-12-19 16:12:42.134 [main] INFO Task - register succeed at time:Tue Dec 19 2017 16:47:42 GMT+0800 (CST)
2017-12-19 16:12:42.152 [main] INFO Task - register succeed at time:Tue Dec 19 2017 16:47:42 GMT+0800 (CST)
2017-12-19 16:12:42.133 [main] INFO Task - register succeed at time:Tue Dec 19 2017 16:48:42 GMT+0800 (CST)
2017-12-19 16:12:43.160 [main] INFO Task - register succeed at time:Tue Dec 19 2017 16:48:43 GMT+0800 (CST)
2017-12-19 16:12:43.292 [main] INFO Task - register succeed at time:Tue Dec 19 2017 16:49:43 GMT+0800 (CST)
2017-12-19 16:12:44.498 [main] INFO Task - register succeed at time:Tue Dec 19 2017 16:49:44 GMT+0800 (CST)
2017-12-19 16:12:43.196 [main] INFO Task - register succeed at time:Tue Dec 19 2017 16:50:43 GMT+0800 (CST)
2017-12-19 16:12:45.143 [main] INFO Task - register succeed at time:Tue Dec 19 2017 16:50:45 GMT+0800 (CST)
2017-12-19 16:12:44.210 [main] INFO Task - register succeed at time:Tue Dec 19 2017 16:51:44 GMT+0800 (CST)
2017-12-19 16:12:46.203 [main] INFO Task - register succeed at time:Tue Dec 19 2017 16:51:46 GMT+0800 (CST)
2017-12-19 16:12:45.223 [main] INFO Task - register succeed at time:Tue Dec 19 2017 16:52:45 GMT+0800 (CST)
2017-12-19 16:12:47.214 [main] INFO Task - register succeed at time:Tue Dec 19 2017 16:52:47 GMT+0800 (CST)
2017-12-19 16:12:45.135 [main] INFO Task - register succeed at time:Tue Dec 19 2017 16:53:45 GMT+0800 (CST)
2017-12-19 16:12:48.574 [main] INFO Task - register succeed at time:Tue Dec 19 2017 16:53:48 GMT+0800 (CST)
2017-12-19 16:12:46.146 [main] INFO Task - register succeed at time:Tue Dec 19 2017 16:54:46 GMT+0800 (CST)
2017-12-19 16:12:48.149 [main] INFO Task - register succeed at time:Tue Dec 19 2017 16:54:48 GMT+0800 (CST)
2017-12-19 16:12:46.526 [main] INFO Task - register succeed at time:Tue Dec 19 2017 16:55:46 GMT+0800 (CST)
2017-12-19 16:12:49.185 [main] INFO Task - register succeed at time:Tue Dec 19 2017 16:55:49 GMT+0800 (CST)
2017-12-19 16:12:46.152 [main] INFO Task - register succeed at time:Tue Dec 19 2017 16:56:46 GMT+0800 (CST)
2017-12-19 16:12:49.318 [main] INFO Task - register succeed at time:Tue Dec 19 2017 16:56:49 GMT+0800 (CST)
2017-12-19 16:12:46.160 [main] INFO Task - register succeed at time:Tue Dec 19 2017 16:57:46 GMT+0800 (CST)
2017-12-19 16:12:50.348 [main] INFO Task - register succeed at time:Tue Dec 19 2017 16:57:50 GMT+0800 (CST)
2017-12-19 16:12:47.412 [main] INFO Task - register succeed at time:Tue Dec 19 2017 16:58:47 GMT+0800 (CST)
2017-12-19 16:12:51.249 [main] INFO Task - register succeed at time:Tue Dec 19 2017 16:58:51 GMT+0800 (CST)
2017-12-19 16:12:48.398 [main] INFO Task - register succeed at time:Tue Dec 19 2017 16:59:48 GMT+0800 (CST)
2017-12-19 16:12:54.223 [main] INFO Task - register succeed at time:Tue Dec 19 2017 16:59:54 GMT+0800 (CST)
2017-12-19 17:12:48.325 [main] INFO Task - register succeed at time:Tue Dec 19 2017 17:00:48 GMT+0800 (CST)
2017-12-19 17:12:52.228 [main] INFO Task - register succeed at time:Tue Dec 19 2017 17:00:52 GMT+0800 (CST)
2017-12-19 17:12:48.366 [main] INFO Task - register succeed at time:Tue Dec 19 2017 17:01:48 GMT+0800 (CST)
2017-12-19 17:12:52.160 [main] INFO Task - register succeed at time:Tue Dec 19 2017 17:01:52 GMT+0800 (CST)
2017-12-19 17:12:48.143 [main] INFO Task - register succeed at time:Tue Dec 19 2017 17:02:48 GMT+0800 (CST)
2017-12-19 17:12:52.167 [main] INFO Task - register succeed at time:Tue Dec 19 2017 17:02:52 GMT+0800 (CST)
2017-12-19 17:12:50.161 [main] INFO Task - register succeed at time:Tue Dec 19 2017 17:03:50 GMT+0800 (CST)
2017-12-19 17:12:53.183 [main] INFO Task - register succeed at time:Tue Dec 19 2017 17:03:53 GMT+0800 (CST)
2017-12-19 17:12:50.156 [main] INFO Task - register succeed at time:Tue Dec 19 2017 17:04:50 GMT+0800 (CST)
2017-12-19 17:12:53.150 [main] INFO Task - register succeed at time:Tue Dec 19 2017 17:04:53 GMT+0800 (CST)
2017-12-19 17:12:51.318 [main] INFO Task - register succeed at time:Tue Dec 19 2017 17:05:51 GMT+0800 (CST)
2017-12-19 17:12:54.161 [main] INFO Task - register succeed at time:Tue Dec 19 2017 17:05:54 GMT+0800 (CST)
2017-12-19 17:12:53.277 [main] INFO Task - register succeed at time:Tue Dec 19 2017 17:06:53 GMT+0800 (CST)
2017-12-19 17:12:55.212 [main] INFO Task - register succeed at time:Tue Dec 19 2017 17:06:55 GMT+0800 (CST)
2017-12-19 17:12:53.517 [main] INFO Task - register succeed at time:Tue Dec 19 2017 17:07:53 GMT+0800 (CST)
2017-12-19 17:12:58.781 [main] INFO Task - register succeed at time:Tue Dec 19 2017 17:07:58 GMT+0800 (CST)
2017-12-19 17:12:53.247 [main] INFO Task - register succeed at time:Tue Dec 19 2017 17:08:53 GMT+0800 (CST)
2017-12-19 17:12:55.655 [main] INFO Task - register succeed at time:Tue Dec 19 2017 17:08:55 GMT+0800 (CST)
2017-12-19 17:12:11.407 [main] INFO SocketIniter - disconnect
2017-12-19 17:12:54.163 [main] INFO Task - register succeed at time:Tue Dec 19 2017 17:09:54 GMT+0800 (CST)
2017-12-19 17:12:56.240 [main] INFO Task - register succeed at time:Tue Dec 19 2017 17:09:56 GMT+0800 (CST)
2017-12-19 17:12:25.116 [main] INFO SocketIniter - disconnect
2017-12-19 17:12:55.312 [main] INFO Task - register succeed at time:Tue Dec 19 2017 17:10:55 GMT+0800 (CST)
2017-12-19 17:12:57.268 [main] INFO Task - register succeed at time:Tue Dec 19 2017 17:10:57 GMT+0800 (CST)
2017-12-19 17:12:15.212 [main] ERROR server - Error: ENOENT: no such file or directory, open '/Users/jsen/Documents/GitProjects/POJ/DeliverWater/Server/DeliverWaterSocket/runtime/lock'
2017-12-19 17:12:15.214 [main] ERROR server - Error: ENOENT: no such file or directory, open '/Users/jsen/Documents/GitProjects/POJ/DeliverWater/Server/DeliverWaterSocket/runtime/lock'
2017-12-19 17:12:15.226 [main] INFO MongoseIniter - MongoDB open:undefined
2017-12-19 17:12:15.228 [main] INFO RedisIniter - connect
2017-12-19 17:12:15.231 [main] INFO RedisIniter - Ready
2017-12-19 17:12:15.802 [main] ERROR server - [object Object]
2017-12-19 17:12:15.803 [main] ERROR server - Error: ENOENT: no such file or directory, open '/Users/jsen/Documents/GitProjects/POJ/DeliverWater/Server/DeliverWaterSocket/runtime/lock'
2017-12-19 17:12:15.804 [main] INFO server - 服务器端口：7083
2017-12-19 17:12:15.811 [main] INFO RedisIniter - connect
2017-12-19 17:12:15.819 [main] INFO MongoseIniter - MongoDB open:deliverwater
2017-12-19 17:12:15.821 [main] INFO RedisIniter - Ready
2017-12-19 17:12:16.367 [main] INFO Task - register succeed at time:Tue Dec 19 2017 17:11:16 GMT+0800 (CST)
2017-12-19 17:12:16.367 [main] INFO Task - register succeed at time:Tue Dec 19 2017 17:11:16 GMT+0800 (CST)
2017-12-19 17:12:22.812 [main] INFO SocketIniter - connection
2017-12-19 17:12:31.418 [main] INFO SocketIniter - disconnect
2017-12-19 17:12:31.784 [main] INFO SocketIniter - connection
2017-12-19 17:12:17.846 [main] INFO Task - register succeed at time:Tue Dec 19 2017 17:12:17 GMT+0800 (CST)
2017-12-19 17:12:17.846 [main] INFO Task - register succeed at time:Tue Dec 19 2017 17:12:17 GMT+0800 (CST)
2017-12-19 17:12:05.097 [main] INFO SocketIniter - disconnect
2017-12-19 17:12:18.167 [main] INFO Task - register succeed at time:Tue Dec 19 2017 17:13:18 GMT+0800 (CST)
2017-12-19 17:12:18.167 [main] INFO Task - register succeed at time:Tue Dec 19 2017 17:13:18 GMT+0800 (CST)
2017-12-19 17:12:19.156 [main] INFO Task - register succeed at time:Tue Dec 19 2017 17:14:19 GMT+0800 (CST)
2017-12-19 17:12:19.157 [main] INFO Task - register succeed at time:Tue Dec 19 2017 17:14:19 GMT+0800 (CST)
2017-12-19 17:12:19.176 [main] INFO Task - register succeed at time:Tue Dec 19 2017 17:15:19 GMT+0800 (CST)
2017-12-19 17:12:19.178 [main] INFO Task - register succeed at time:Tue Dec 19 2017 17:15:19 GMT+0800 (CST)
2017-12-19 17:12:20.889 [main] INFO Task - register succeed at time:Tue Dec 19 2017 17:16:20 GMT+0800 (CST)
2017-12-19 17:12:20.889 [main] INFO Task - register succeed at time:Tue Dec 19 2017 17:16:20 GMT+0800 (CST)
2017-12-19 17:12:46.664 [main] ERROR server - Error: ENOENT: no such file or directory, open '/Users/jsen/Documents/GitProjects/POJ/DeliverWater/Server/DeliverWaterSocket/runtime/lock'
2017-12-19 17:12:46.668 [main] ERROR server - Error: ENOENT: no such file or directory, open '/Users/jsen/Documents/GitProjects/POJ/DeliverWater/Server/DeliverWaterSocket/runtime/lock'
2017-12-19 17:12:46.683 [main] INFO MongoseIniter - MongoDB open:undefined
2017-12-19 17:12:46.686 [main] INFO RedisIniter - connect
2017-12-19 17:12:46.691 [main] INFO RedisIniter - Ready
2017-12-19 17:12:47.155 [main] INFO Task - register succeed at time:Tue Dec 19 2017 17:16:47 GMT+0800 (CST)
2017-12-19 17:12:47.233 [main] ERROR server - [object Object]
2017-12-19 17:12:47.234 [main] ERROR server - Error: ENOENT: no such file or directory, open '/Users/jsen/Documents/GitProjects/POJ/DeliverWater/Server/DeliverWaterSocket/runtime/lock'
2017-12-19 17:12:47.235 [main] ERROR server - [object Object]
2017-12-19 17:12:47.241 [main] INFO RedisIniter - connect
2017-12-19 17:12:47.249 [main] INFO MongoseIniter - MongoDB open:deliverwater
2017-12-19 17:12:47.252 [main] INFO RedisIniter - Ready
2017-12-19 17:12:48.352 [main] INFO Task - register succeed at time:Tue Dec 19 2017 17:16:48 GMT+0800 (CST)
2017-12-19 17:12:47.160 [main] INFO Task - register succeed at time:Tue Dec 19 2017 17:17:47 GMT+0800 (CST)
2017-12-19 17:12:49.154 [main] INFO Task - register succeed at time:Tue Dec 19 2017 17:17:49 GMT+0800 (CST)
2017-12-19 17:12:02.524 [main] ERROR server - Error: ENOENT: no such file or directory, open '/Users/jsen/Documents/GitProjects/POJ/DeliverWater/Server/DeliverWaterSocket/runtime/lock'
2017-12-19 17:12:02.527 [main] ERROR server - Error: ENOENT: no such file or directory, open '/Users/jsen/Documents/GitProjects/POJ/DeliverWater/Server/DeliverWaterSocket/runtime/lock'
2017-12-19 17:12:02.543 [main] INFO MongoseIniter - MongoDB open:undefined
2017-12-19 17:12:02.545 [main] INFO RedisIniter - connect
2017-12-19 17:12:02.550 [main] INFO RedisIniter - Ready
2017-12-19 17:12:03.115 [main] ERROR server - [object Object]
2017-12-19 17:12:03.116 [main] ERROR server - Error: ENOENT: no such file or directory, open '/Users/jsen/Documents/GitProjects/POJ/DeliverWater/Server/DeliverWaterSocket/runtime/lock'
2017-12-19 17:12:03.119 [main] ERROR server - [object Object]
2017-12-19 17:12:03.127 [main] INFO RedisIniter - connect
2017-12-19 17:12:03.137 [main] INFO MongoseIniter - MongoDB open:deliverwater
2017-12-19 17:12:03.140 [main] INFO RedisIniter - Ready
2017-12-19 17:12:03.214 [main] INFO Task - register succeed at time:Tue Dec 19 2017 17:18:03 GMT+0800 (CST)
2017-12-19 17:12:04.378 [main] INFO Task - register succeed at time:Tue Dec 19 2017 17:18:04 GMT+0800 (CST)
2017-12-19 17:12:14.274 [main] ERROR server - Error: ENOENT: no such file or directory, open '/Users/jsen/Documents/GitProjects/POJ/DeliverWater/Server/DeliverWaterSocket/runtime/lock'
2017-12-19 17:12:14.277 [main] ERROR server - Error: ENOENT: no such file or directory, open '/Users/jsen/Documents/GitProjects/POJ/DeliverWater/Server/DeliverWaterSocket/runtime/lock'
2017-12-19 17:12:14.293 [main] INFO MongoseIniter - MongoDB open:undefined
2017-12-19 17:12:14.295 [main] INFO RedisIniter - connect
2017-12-19 17:12:14.301 [main] INFO RedisIniter - Ready
2017-12-19 17:12:14.859 [main] ERROR server - [object Object]
2017-12-19 17:12:14.860 [main] ERROR server - Error: ENOENT: no such file or directory, open '/Users/jsen/Documents/GitProjects/POJ/DeliverWater/Server/DeliverWaterSocket/runtime/lock'
2017-12-19 17:12:14.862 [main] ERROR server - [object Object]
2017-12-19 17:12:14.869 [main] INFO RedisIniter - connect
2017-12-19 17:12:14.876 [main] INFO MongoseIniter - MongoDB open:deliverwater
2017-12-19 17:12:14.879 [main] INFO RedisIniter - Ready
2017-12-19 17:12:15.145 [main] INFO Task - register succeed at time:Tue Dec 19 2017 17:18:15 GMT+0800 (CST)
2017-12-19 17:12:15.158 [main] INFO Task - register succeed at time:Tue Dec 19 2017 17:18:15 GMT+0800 (CST)
2017-12-19 17:12:50.805 [main] ERROR server - Error: ENOENT: no such file or directory, open '/Users/jsen/Documents/GitProjects/POJ/DeliverWater/Server/DeliverWaterSocket/runtime/lock'
2017-12-19 17:12:50.809 [main] ERROR server - Error: ENOENT: no such file or directory, open '/Users/jsen/Documents/GitProjects/POJ/DeliverWater/Server/DeliverWaterSocket/runtime/lock'
2017-12-19 17:12:50.825 [main] INFO MongoseIniter - MongoDB open:undefined
2017-12-19 17:12:50.828 [main] INFO RedisIniter - connect
2017-12-19 17:12:50.833 [main] INFO RedisIniter - Ready
2017-12-19 17:12:51.170 [main] INFO Task - register succeed at time:Tue Dec 19 2017 17:18:51 GMT+0800 (CST)
2017-12-19 17:12:51.403 [main] ERROR server - [object Object]
2017-12-19 17:12:51.404 [main] ERROR server - Error: ENOENT: no such file or directory, open '/Users/jsen/Documents/GitProjects/POJ/DeliverWater/Server/DeliverWaterSocket/runtime/lock'
2017-12-19 17:12:51.406 [main] ERROR server - [object Object]
2017-12-19 17:12:51.413 [main] INFO RedisIniter - connect
2017-12-19 17:12:51.421 [main] INFO MongoseIniter - MongoDB open:deliverwater
2017-12-19 17:12:51.426 [main] INFO RedisIniter - Ready
2017-12-19 17:12:52.233 [main] INFO Task - register succeed at time:Tue Dec 19 2017 17:18:52 GMT+0800 (CST)
2017-12-19 17:12:19.852 [main] ERROR server - Error: ENOENT: no such file or directory, open '/Users/jsen/Documents/GitProjects/POJ/DeliverWater/Server/DeliverWaterSocket/runtime/lock'
2017-12-19 17:12:19.854 [main] ERROR server - Error: ENOENT: no such file or directory, open '/Users/jsen/Documents/GitProjects/POJ/DeliverWater/Server/DeliverWaterSocket/runtime/lock'
2017-12-19 17:12:19.869 [main] INFO MongoseIniter - MongoDB open:undefined
2017-12-19 17:12:19.871 [main] INFO RedisIniter - connect
2017-12-19 17:12:19.876 [main] INFO RedisIniter - Ready
2017-12-19 17:12:20.138 [main] INFO Task - register succeed at time:Tue Dec 19 2017 17:19:20 GMT+0800 (CST)
2017-12-19 17:12:20.428 [main] INFO server - 服务器端口：81
2017-12-19 17:12:20.439 [main] ERROR server - [object Object]
2017-12-19 17:12:20.440 [main] ERROR server - Error: ENOENT: no such file or directory, open '/Users/jsen/Documents/GitProjects/POJ/DeliverWater/Server/DeliverWaterSocket/runtime/lock'
2017-12-19 17:12:20.441 [main] ERROR server - [object Object]
2017-12-19 17:12:20.451 [main] INFO RedisIniter - connect
2017-12-19 17:12:20.460 [main] INFO MongoseIniter - MongoDB open:deliverwater
2017-12-19 17:12:20.462 [main] INFO RedisIniter - Ready
2017-12-19 17:12:21.167 [main] INFO Task - register succeed at time:Tue Dec 19 2017 17:19:21 GMT+0800 (CST)
2017-12-19 17:12:43.752 [main] ERROR server - Error: ENOENT: no such file or directory, open '/Users/jsen/Documents/GitProjects/POJ/DeliverWater/Server/DeliverWaterSocket/runtime/lock'
2017-12-19 17:12:43.755 [main] ERROR server - Error: ENOENT: no such file or directory, open '/Users/jsen/Documents/GitProjects/POJ/DeliverWater/Server/DeliverWaterSocket/runtime/lock'
2017-12-19 17:12:43.772 [main] INFO MongoseIniter - MongoDB open:undefined
2017-12-19 17:12:43.775 [main] INFO RedisIniter - connect
2017-12-19 17:12:43.778 [main] INFO RedisIniter - Ready
2017-12-19 17:12:44.160 [main] INFO Task - register succeed at time:Tue Dec 19 2017 17:19:44 GMT+0800 (CST)
2017-12-19 17:12:44.340 [main] ERROR server - [object Object]
2017-12-19 17:12:44.340 [main] ERROR server - Error: ENOENT: no such file or directory, open '/Users/jsen/Documents/GitProjects/POJ/DeliverWater/Server/DeliverWaterSocket/runtime/lock'
2017-12-19 17:12:44.343 [main] INFO server - 服务器端口：8081
2017-12-19 17:12:44.350 [main] INFO RedisIniter - connect
2017-12-19 17:12:44.359 [main] INFO MongoseIniter - MongoDB open:deliverwater
2017-12-19 17:12:44.362 [main] INFO RedisIniter - Ready
2017-12-19 17:12:45.163 [main] INFO Task - register succeed at time:Tue Dec 19 2017 17:19:45 GMT+0800 (CST)
2017-12-19 17:12:45.173 [main] INFO Task - register succeed at time:Tue Dec 19 2017 17:20:45 GMT+0800 (CST)
2017-12-19 17:12:46.309 [main] INFO Task - register succeed at time:Tue Dec 19 2017 17:20:46 GMT+0800 (CST)
2017-12-19 17:12:47.208 [main] INFO Task - register succeed at time:Tue Dec 19 2017 17:21:47 GMT+0800 (CST)
2017-12-19 17:12:48.257 [main] INFO Task - register succeed at time:Tue Dec 19 2017 17:21:48 GMT+0800 (CST)
2017-12-19 17:12:47.487 [main] INFO Task - register succeed at time:Tue Dec 19 2017 17:22:47 GMT+0800 (CST)
2017-12-19 17:12:47.487 [main] INFO Task - register succeed at time:Tue Dec 19 2017 17:22:47 GMT+0800 (CST)
2017-12-19 17:12:48.156 [main] INFO Task - register succeed at time:Tue Dec 19 2017 17:23:48 GMT+0800 (CST)
2017-12-19 17:12:48.160 [main] INFO Task - register succeed at time:Tue Dec 19 2017 17:23:48 GMT+0800 (CST)
2017-12-19 17:12:48.153 [main] INFO Task - register succeed at time:Tue Dec 19 2017 17:24:48 GMT+0800 (CST)
2017-12-19 17:12:49.157 [main] INFO Task - register succeed at time:Tue Dec 19 2017 17:24:49 GMT+0800 (CST)
2017-12-19 17:12:49.244 [main] INFO Task - register succeed at time:Tue Dec 19 2017 17:25:49 GMT+0800 (CST)
2017-12-19 17:12:50.166 [main] INFO Task - register succeed at time:Tue Dec 19 2017 17:25:50 GMT+0800 (CST)
2017-12-19 17:12:49.430 [main] INFO Task - register succeed at time:Tue Dec 19 2017 17:26:49 GMT+0800 (CST)
2017-12-19 17:12:52.515 [main] INFO Task - register succeed at time:Tue Dec 19 2017 17:26:52 GMT+0800 (CST)
2017-12-19 17:12:50.136 [main] INFO Task - register succeed at time:Tue Dec 19 2017 17:27:50 GMT+0800 (CST)
2017-12-19 17:12:51.224 [main] INFO Task - register succeed at time:Tue Dec 19 2017 17:27:51 GMT+0800 (CST)
2017-12-19 17:12:28.220 [main] ERROR server - Error: ENOENT: no such file or directory, open '/Users/jsen/Documents/GitProjects/POJ/DeliverWater/Server/DeliverWaterSocket/runtime/lock'
2017-12-19 17:12:28.223 [main] ERROR server - Error: ENOENT: no such file or directory, open '/Users/jsen/Documents/GitProjects/POJ/DeliverWater/Server/DeliverWaterSocket/runtime/lock'
2017-12-19 17:12:28.239 [main] INFO MongoseIniter - MongoDB open:undefined
2017-12-19 17:12:28.243 [main] INFO RedisIniter - connect
2017-12-19 17:12:28.247 [main] INFO RedisIniter - Ready
2017-12-19 17:12:28.842 [main] ERROR server - [object Object]
2017-12-19 17:12:28.843 [main] ERROR server - Error: ENOENT: no such file or directory, open '/Users/jsen/Documents/GitProjects/POJ/DeliverWater/Server/DeliverWaterSocket/runtime/lock'
2017-12-19 17:12:28.845 [main] INFO server - 服务器端口：7083
2017-12-19 17:12:28.852 [main] INFO RedisIniter - connect
2017-12-19 17:12:28.864 [main] INFO MongoseIniter - MongoDB open:deliverwater
2017-12-19 17:12:28.867 [main] INFO RedisIniter - Ready
2017-12-19 17:12:29.162 [main] INFO Task - register succeed at time:Tue Dec 19 2017 17:28:29 GMT+0800 (CST)
2017-12-19 17:12:29.159 [main] INFO Task - register succeed at time:Tue Dec 19 2017 17:28:29 GMT+0800 (CST)
2017-12-19 17:12:31.799 [main] INFO SocketIniter - connection
2017-12-19 17:12:47.540 [main] INFO SocketIniter - disconnect
2017-12-19 17:12:48.886 [main] INFO SocketIniter - connection
2017-12-19 17:12:57.274 [main] INFO SocketIniter - disconnect
2017-12-19 17:12:57.458 [main] INFO SocketIniter - connection
2017-12-19 17:12:07.586 [main] INFO SocketIniter - disconnect
2017-12-19 17:12:07.749 [main] INFO SocketIniter - connection
2017-12-19 17:12:30.215 [main] INFO Task - register succeed at time:Tue Dec 19 2017 17:29:30 GMT+0800 (CST)
2017-12-19 17:12:30.220 [main] INFO Task - register succeed at time:Tue Dec 19 2017 17:29:30 GMT+0800 (CST)
2017-12-19 17:12:42.419 [main] INFO SocketIniter - disconnect
2017-12-19 17:12:42.710 [main] INFO SocketIniter - connection
2017-12-19 17:12:43.670 [main] INFO SocketIniter - disconnect
2017-12-19 17:12:44.103 [main] INFO SocketIniter - connection
2017-12-19 17:12:46.322 [main] INFO SocketIniter - disconnect
2017-12-19 17:12:52.691 [main] INFO SocketIniter - connection
2017-12-19 17:12:11.259 [main] INFO SocketIniter - connection
2017-12-19 17:12:18.749 [main] INFO SocketIniter - disconnect
2017-12-19 17:12:18.838 [main] INFO SocketIniter - connection
2017-12-19 17:12:25.846 [main] INFO SocketIniter - disconnect
2017-12-19 17:12:25.939 [main] INFO SocketIniter - connection
2017-12-19 17:12:27.170 [main] INFO SocketIniter - disconnect
2017-12-19 17:12:27.245 [main] INFO SocketIniter - connection
2017-12-19 17:12:30.163 [main] INFO Task - register succeed at time:Tue Dec 19 2017 17:30:30 GMT+0800 (CST)
2017-12-19 17:12:30.163 [main] INFO Task - register succeed at time:Tue Dec 19 2017 17:30:30 GMT+0800 (CST)
2017-12-19 17:12:31.706 [main] INFO SocketIniter - disconnect
2017-12-19 17:12:31.797 [main] INFO SocketIniter - connection
2017-12-19 17:12:32.640 [main] INFO SocketIniter - disconnect
2017-12-19 17:12:32.738 [main] INFO SocketIniter - connection
2017-12-19 17:12:33.443 [main] INFO SocketIniter - disconnect
2017-12-19 17:12:33.563 [main] INFO SocketIniter - connection
2017-12-19 17:12:34.142 [main] INFO SocketIniter - disconnect
2017-12-19 17:12:34.212 [main] INFO SocketIniter - connection
2017-12-19 17:12:34.821 [main] INFO SocketIniter - disconnect
2017-12-19 17:12:34.888 [main] INFO SocketIniter - connection
2017-12-19 17:12:35.443 [main] INFO SocketIniter - disconnect
2017-12-19 17:12:35.525 [main] INFO SocketIniter - connection
2017-12-19 17:12:36.126 [main] INFO SocketIniter - disconnect
2017-12-19 17:12:36.250 [main] INFO SocketIniter - connection
2017-12-19 17:12:36.797 [main] INFO SocketIniter - disconnect
2017-12-19 17:12:36.892 [main] INFO SocketIniter - connection
2017-12-19 17:12:37.469 [main] INFO SocketIniter - disconnect
2017-12-19 17:12:37.525 [main] INFO SocketIniter - connection
2017-12-19 17:12:38.267 [main] INFO SocketIniter - disconnect
2017-12-19 17:12:38.315 [main] INFO SocketIniter - connection
2017-12-19 17:12:38.925 [main] INFO SocketIniter - disconnect
2017-12-19 17:12:39.012 [main] INFO SocketIniter - connection
2017-12-19 17:12:39.485 [main] INFO SocketIniter - disconnect
2017-12-19 17:12:39.539 [main] INFO SocketIniter - connection
2017-12-19 17:12:40.156 [main] INFO SocketIniter - disconnect
2017-12-19 17:12:40.289 [main] INFO SocketIniter - connection
2017-12-19 17:12:50.022 [main] INFO SocketIniter - disconnect
2017-12-19 17:12:50.155 [main] INFO SocketIniter - connection
2017-12-19 17:12:50.949 [main] INFO SocketIniter - disconnect
2017-12-19 17:12:51.044 [main] INFO SocketIniter - connection
2017-12-19 17:12:51.981 [main] INFO SocketIniter - disconnect
2017-12-19 17:12:52.068 [main] INFO SocketIniter - connection
2017-12-19 17:12:52.792 [main] INFO SocketIniter - disconnect
2017-12-19 17:12:52.873 [main] INFO SocketIniter - connection
2017-12-19 17:12:12.533 [main] INFO SocketIniter - disconnect
2017-12-19 17:12:12.587 [main] INFO SocketIniter - connection
2017-12-19 17:12:14.051 [main] INFO SocketIniter - disconnect
2017-12-19 17:12:30.162 [main] INFO Task - register succeed at time:Tue Dec 19 2017 17:31:30 GMT+0800 (CST)
2017-12-19 17:12:30.162 [main] INFO Task - register succeed at time:Tue Dec 19 2017 17:31:30 GMT+0800 (CST)
2017-12-19 17:12:31.203 [main] INFO Task - register succeed at time:Tue Dec 19 2017 17:32:31 GMT+0800 (CST)
2017-12-19 17:12:31.792 [main] INFO Task - register succeed at time:Tue Dec 19 2017 17:32:31 GMT+0800 (CST)
2017-12-19 17:12:31.146 [main] INFO Task - register succeed at time:Tue Dec 19 2017 17:33:31 GMT+0800 (CST)
2017-12-19 17:12:31.148 [main] INFO Task - register succeed at time:Tue Dec 19 2017 17:33:31 GMT+0800 (CST)
2017-12-19 17:12:32.138 [main] INFO Task - register succeed at time:Tue Dec 19 2017 17:34:32 GMT+0800 (CST)
2017-12-19 17:12:32.144 [main] INFO Task - register succeed at time:Tue Dec 19 2017 17:34:32 GMT+0800 (CST)
2017-12-19 17:12:33.299 [main] INFO Task - register succeed at time:Tue Dec 19 2017 17:35:33 GMT+0800 (CST)
2017-12-19 17:12:33.299 [main] INFO Task - register succeed at time:Tue Dec 19 2017 17:35:33 GMT+0800 (CST)
2017-12-19 17:12:33.166 [main] INFO Task - register succeed at time:Tue Dec 19 2017 17:36:33 GMT+0800 (CST)
2017-12-19 17:12:33.180 [main] INFO Task - register succeed at time:Tue Dec 19 2017 17:36:33 GMT+0800 (CST)
2017-12-19 17:12:34.185 [main] INFO Task - register succeed at time:Tue Dec 19 2017 17:37:34 GMT+0800 (CST)
2017-12-19 17:12:34.185 [main] INFO Task - register succeed at time:Tue Dec 19 2017 17:37:34 GMT+0800 (CST)
2017-12-19 17:12:34.280 [main] INFO Task - register succeed at time:Tue Dec 19 2017 17:38:34 GMT+0800 (CST)
2017-12-19 17:12:34.282 [main] INFO Task - register succeed at time:Tue Dec 19 2017 17:38:34 GMT+0800 (CST)
2017-12-19 17:12:34.152 [main] INFO Task - register succeed at time:Tue Dec 19 2017 17:39:34 GMT+0800 (CST)
2017-12-19 17:12:34.157 [main] INFO Task - register succeed at time:Tue Dec 19 2017 17:39:34 GMT+0800 (CST)
2017-12-19 17:12:32.719 [main] INFO SocketIniter - disconnect
2017-12-19 17:12:33.418 [main] INFO SocketIniter - connection
2017-12-19 17:12:35.486 [main] INFO Task - register succeed at time:Tue Dec 19 2017 17:40:35 GMT+0800 (CST)
2017-12-19 17:12:35.486 [main] INFO Task - register succeed at time:Tue Dec 19 2017 17:40:35 GMT+0800 (CST)
2017-12-19 17:12:35.931 [main] INFO SocketIniter - disconnect
2017-12-19 17:12:36.106 [main] INFO SocketIniter - connection
2017-12-19 17:12:40.209 [main] INFO SocketIniter - disconnect
2017-12-19 17:12:40.364 [main] INFO SocketIniter - connection
2017-12-19 17:12:42.020 [main] INFO SocketIniter - disconnect
2017-12-19 17:12:42.162 [main] INFO SocketIniter - connection
2017-12-19 17:12:42.702 [main] INFO SocketIniter - disconnect
2017-12-19 17:12:42.837 [main] INFO SocketIniter - connection
2017-12-19 17:12:43.488 [main] INFO SocketIniter - disconnect
2017-12-19 17:12:43.609 [main] INFO SocketIniter - connection
2017-12-19 17:12:55.317 [main] INFO SocketIniter - disconnect
2017-12-19 17:12:55.460 [main] INFO SocketIniter - connection
2017-12-19 17:12:55.949 [main] INFO SocketIniter - disconnect
2017-12-19 17:12:56.090 [main] INFO SocketIniter - connection
2017-12-19 17:12:56.525 [main] INFO SocketIniter - disconnect
2017-12-19 17:12:56.656 [main] INFO SocketIniter - connection
2017-12-19 17:12:56.959 [main] INFO SocketIniter - disconnect
2017-12-19 17:12:57.094 [main] INFO SocketIniter - connection
2017-12-19 17:12:57.301 [main] INFO SocketIniter - disconnect
2017-12-19 17:12:57.432 [main] INFO SocketIniter - connection
2017-12-19 17:12:57.586 [main] INFO SocketIniter - disconnect
2017-12-19 17:12:57.727 [main] INFO SocketIniter - connection
2017-12-19 17:12:57.791 [main] INFO SocketIniter - disconnect
2017-12-19 17:12:57.911 [main] INFO SocketIniter - connection
2017-12-19 17:12:57.988 [main] INFO SocketIniter - disconnect
2017-12-19 17:12:58.132 [main] INFO SocketIniter - connection
2017-12-19 17:12:58.177 [main] INFO SocketIniter - disconnect
2017-12-19 17:12:58.303 [main] INFO SocketIniter - connection
2017-12-19 17:12:03.596 [main] INFO SocketIniter - disconnect
2017-12-19 17:12:03.731 [main] INFO SocketIniter - connection
2017-12-19 17:12:04.187 [main] INFO SocketIniter - disconnect
2017-12-19 17:12:04.313 [main] INFO SocketIniter - connection
2017-12-19 17:12:04.636 [main] INFO SocketIniter - connection
2017-12-19 17:12:04.698 [main] INFO SocketIniter - disconnect
2017-12-19 17:12:04.838 [main] INFO SocketIniter - connection
2017-12-19 17:12:04.994 [main] INFO SocketIniter - disconnect
2017-12-19 17:12:05.131 [main] INFO SocketIniter - connection
2017-12-19 17:12:05.488 [main] INFO SocketIniter - disconnect
2017-12-19 17:12:36.139 [main] INFO Task - register succeed at time:Tue Dec 19 2017 17:41:36 GMT+0800 (CST)
2017-12-19 17:12:36.139 [main] INFO Task - register succeed at time:Tue Dec 19 2017 17:41:36 GMT+0800 (CST)
2017-12-19 17:12:41.082 [main] INFO SocketIniter - connection
2017-12-19 17:12:46.726 [main] INFO SocketIniter - disconnect
2017-12-19 17:12:46.872 [main] INFO SocketIniter - connection
2017-12-19 17:12:48.976 [main] INFO SocketIniter - disconnect
2017-12-19 17:12:49.282 [main] INFO SocketIniter - connection
2017-12-19 17:12:02.072 [main] INFO SocketIniter - disconnect
2017-12-19 17:12:02.513 [main] INFO SocketIniter - connection
2017-12-19 17:12:03.161 [main] INFO SocketIniter - disconnect
2017-12-19 17:12:03.301 [main] INFO SocketIniter - connection
2017-12-19 17:12:03.850 [main] INFO SocketIniter - disconnect
2017-12-19 17:12:03.974 [main] INFO SocketIniter - connection
2017-12-19 17:12:04.363 [main] INFO SocketIniter - disconnect
2017-12-19 17:12:04.488 [main] INFO SocketIniter - connection
2017-12-19 17:12:04.868 [main] INFO SocketIniter - disconnect
2017-12-19 17:12:04.997 [main] INFO SocketIniter - connection
2017-12-19 17:12:05.375 [main] INFO SocketIniter - disconnect
2017-12-19 17:12:05.516 [main] INFO SocketIniter - connection
2017-12-19 17:12:05.861 [main] INFO SocketIniter - disconnect
2017-12-19 17:12:05.995 [main] INFO SocketIniter - connection
2017-12-19 17:12:06.246 [main] INFO SocketIniter - disconnect
2017-12-19 17:12:06.373 [main] INFO SocketIniter - connection
2017-12-19 17:12:06.656 [main] INFO SocketIniter - connection
2017-12-19 17:12:06.719 [main] INFO SocketIniter - disconnect
2017-12-19 17:12:06.877 [main] INFO SocketIniter - connection
2017-12-19 17:12:06.945 [main] INFO SocketIniter - disconnect
2017-12-19 17:12:07.086 [main] INFO SocketIniter - connection
2017-12-19 17:12:16.520 [main] INFO SocketIniter - disconnect
2017-12-19 17:12:16.679 [main] INFO SocketIniter - connection
2017-12-19 17:12:17.088 [main] INFO SocketIniter - disconnect
2017-12-19 17:12:17.222 [main] INFO SocketIniter - connection
2017-12-19 17:12:17.712 [main] INFO SocketIniter - disconnect
2017-12-19 17:12:17.835 [main] INFO SocketIniter - connection
2017-12-19 17:12:20.125 [main] INFO SocketIniter - disconnect
2017-12-19 17:12:29.314 [main] INFO SocketIniter - disconnect
2017-12-19 17:12:29.854 [main] INFO SocketIniter - connection
2017-12-19 17:12:35.240 [main] INFO SocketIniter - connection
2017-12-19 17:12:37.171 [main] INFO Task - register succeed at time:Tue Dec 19 2017 17:42:37 GMT+0800 (CST)
2017-12-19 17:12:37.171 [main] INFO Task - register succeed at time:Tue Dec 19 2017 17:42:37 GMT+0800 (CST)
2017-12-19 17:12:41.542 [main] INFO SocketIniter - connection
2017-12-19 17:12:45.220 [main] INFO SocketIniter - connection
2017-12-19 17:12:46.112 [main] INFO SocketIniter - connection
2017-12-19 17:12:31.379 [main] INFO SocketIniter - disconnect
2017-12-19 17:12:37.142 [main] INFO Task - register succeed at time:Tue Dec 19 2017 17:43:37 GMT+0800 (CST)
2017-12-19 17:12:37.151 [main] INFO Task - register succeed at time:Tue Dec 19 2017 17:43:37 GMT+0800 (CST)
2017-12-19 17:12:54.859 [main] INFO SocketIniter - disconnect
2017-12-19 17:12:00.246 [main] INFO SocketIniter - disconnect
2017-12-19 17:12:06.543 [main] INFO SocketIniter - disconnect
2017-12-19 17:12:10.224 [main] INFO SocketIniter - disconnect
2017-12-19 17:12:11.112 [main] INFO SocketIniter - disconnect
2017-12-19 17:12:37.245 [main] INFO Task - register succeed at time:Tue Dec 19 2017 17:44:37 GMT+0800 (CST)
2017-12-19 17:12:37.245 [main] INFO Task - register succeed at time:Tue Dec 19 2017 17:44:37 GMT+0800 (CST)
2017-12-19 17:12:38.140 [main] INFO Task - register succeed at time:Tue Dec 19 2017 17:45:38 GMT+0800 (CST)
2017-12-19 17:12:38.147 [main] INFO Task - register succeed at time:Tue Dec 19 2017 17:45:38 GMT+0800 (CST)
2017-12-19 17:12:39.433 [main] INFO Task - register succeed at time:Tue Dec 19 2017 17:46:39 GMT+0800 (CST)
2017-12-19 17:12:39.433 [main] INFO Task - register succeed at time:Tue Dec 19 2017 17:46:39 GMT+0800 (CST)
2017-12-19 17:12:39.148 [main] INFO Task - register succeed at time:Tue Dec 19 2017 17:47:39 GMT+0800 (CST)
2017-12-19 17:12:39.148 [main] INFO Task - register succeed at time:Tue Dec 19 2017 17:47:39 GMT+0800 (CST)
2017-12-19 17:12:39.187 [main] INFO Task - register succeed at time:Tue Dec 19 2017 17:48:39 GMT+0800 (CST)
2017-12-19 17:12:39.187 [main] INFO Task - register succeed at time:Tue Dec 19 2017 17:48:39 GMT+0800 (CST)
2017-12-19 17:12:40.269 [main] INFO Task - register succeed at time:Tue Dec 19 2017 17:49:40 GMT+0800 (CST)
2017-12-19 17:12:41.765 [main] INFO Task - register succeed at time:Tue Dec 19 2017 17:49:41 GMT+0800 (CST)
2017-12-19 17:12:40.194 [main] INFO Task - register succeed at time:Tue Dec 19 2017 17:50:40 GMT+0800 (CST)
2017-12-19 17:12:40.705 [main] INFO Task - register succeed at time:Tue Dec 19 2017 17:50:40 GMT+0800 (CST)
2017-12-19 17:12:41.150 [main] INFO Task - register succeed at time:Tue Dec 19 2017 17:51:41 GMT+0800 (CST)
2017-12-19 17:12:41.150 [main] INFO Task - register succeed at time:Tue Dec 19 2017 17:51:41 GMT+0800 (CST)
2017-12-19 17:12:42.232 [main] INFO Task - register succeed at time:Tue Dec 19 2017 17:52:42 GMT+0800 (CST)
2017-12-19 17:12:42.232 [main] INFO Task - register succeed at time:Tue Dec 19 2017 17:52:42 GMT+0800 (CST)
2017-12-19 17:12:43.151 [main] INFO Task - register succeed at time:Tue Dec 19 2017 17:53:43 GMT+0800 (CST)
2017-12-19 17:12:43.151 [main] INFO Task - register succeed at time:Tue Dec 19 2017 17:53:43 GMT+0800 (CST)
2017-12-19 17:12:43.151 [main] INFO Task - register succeed at time:Tue Dec 19 2017 17:54:43 GMT+0800 (CST)
2017-12-19 17:12:43.157 [main] INFO Task - register succeed at time:Tue Dec 19 2017 17:54:43 GMT+0800 (CST)
2017-12-19 17:12:44.136 [main] INFO Task - register succeed at time:Tue Dec 19 2017 17:55:44 GMT+0800 (CST)
2017-12-19 17:12:44.158 [main] INFO Task - register succeed at time:Tue Dec 19 2017 17:55:44 GMT+0800 (CST)
2017-12-19 17:12:49.341 [main] INFO SocketIniter - connection
2017-12-19 17:12:00.947 [main] INFO SocketIniter - disconnect
2017-12-19 17:12:45.142 [main] INFO Task - register succeed at time:Tue Dec 19 2017 17:56:45 GMT+0800 (CST)
2017-12-19 17:12:45.142 [main] INFO Task - register succeed at time:Tue Dec 19 2017 17:56:45 GMT+0800 (CST)
2017-12-19 17:12:45.148 [main] INFO Task - register succeed at time:Tue Dec 19 2017 17:57:45 GMT+0800 (CST)
2017-12-19 17:12:45.150 [main] INFO Task - register succeed at time:Tue Dec 19 2017 17:57:45 GMT+0800 (CST)
2017-12-19 17:12:45.134 [main] INFO Task - register succeed at time:Tue Dec 19 2017 17:58:45 GMT+0800 (CST)
2017-12-19 17:12:45.134 [main] INFO Task - register succeed at time:Tue Dec 19 2017 17:58:45 GMT+0800 (CST)
2017-12-19 17:12:46.134 [main] INFO Task - register succeed at time:Tue Dec 19 2017 17:59:46 GMT+0800 (CST)
2017-12-19 17:12:46.148 [main] INFO Task - register succeed at time:Tue Dec 19 2017 17:59:46 GMT+0800 (CST)
2017-12-19 18:12:47.135 [main] INFO Task - register succeed at time:Tue Dec 19 2017 18:00:47 GMT+0800 (CST)
2017-12-19 18:12:47.148 [main] INFO Task - register succeed at time:Tue Dec 19 2017 18:00:47 GMT+0800 (CST)
2017-12-19 18:12:48.143 [main] INFO Task - register succeed at time:Tue Dec 19 2017 18:01:48 GMT+0800 (CST)
2017-12-19 18:12:48.142 [main] INFO Task - register succeed at time:Tue Dec 19 2017 18:01:48 GMT+0800 (CST)
2017-12-19 18:12:45.309 [main] INFO SocketIniter - connection
2017-12-19 18:12:47.702 [main] INFO SocketIniter - disconnect
2017-12-19 18:12:47.854 [main] INFO SocketIniter - connection
2017-12-19 18:12:48.135 [main] INFO Task - register succeed at time:Tue Dec 19 2017 18:02:48 GMT+0800 (CST)
2017-12-19 18:12:49.147 [main] INFO Task - register succeed at time:Tue Dec 19 2017 18:02:49 GMT+0800 (CST)
2017-12-19 18:12:49.336 [main] INFO SocketIniter - disconnect
2017-12-19 18:12:49.479 [main] INFO SocketIniter - connection
2017-12-19 18:12:49.985 [main] INFO SocketIniter - disconnect
2017-12-19 18:12:50.111 [main] INFO SocketIniter - connection
2017-12-19 18:12:50.448 [main] INFO SocketIniter - disconnect
2017-12-19 18:12:50.575 [main] INFO SocketIniter - connection
2017-12-19 18:12:51.886 [main] INFO SocketIniter - disconnect
2017-12-19 18:12:52.006 [main] INFO SocketIniter - connection
2017-12-19 18:12:52.774 [main] INFO SocketIniter - disconnect
2017-12-19 18:12:52.901 [main] INFO SocketIniter - connection
2017-12-19 18:12:53.389 [main] INFO SocketIniter - disconnect
2017-12-19 18:12:53.507 [main] INFO SocketIniter - connection
2017-12-19 18:12:53.801 [main] INFO SocketIniter - disconnect
2017-12-19 18:12:53.919 [main] INFO SocketIniter - connection
2017-12-19 18:12:54.059 [main] INFO SocketIniter - disconnect
2017-12-19 18:12:54.184 [main] INFO SocketIniter - connection
2017-12-19 18:12:54.338 [main] INFO SocketIniter - disconnect
2017-12-19 18:12:54.457 [main] INFO SocketIniter - connection
2017-12-19 18:12:54.623 [main] INFO SocketIniter - disconnect
2017-12-19 18:12:54.758 [main] INFO SocketIniter - connection
2017-12-19 18:12:54.886 [main] INFO SocketIniter - disconnect
2017-12-19 18:12:55.010 [main] INFO SocketIniter - connection
2017-12-19 18:12:55.144 [main] INFO SocketIniter - disconnect
2017-12-19 18:12:55.281 [main] INFO SocketIniter - connection
2017-12-19 18:12:55.501 [main] INFO SocketIniter - disconnect
2017-12-19 18:12:55.622 [main] INFO SocketIniter - connection
2017-12-19 18:12:48.182 [main] INFO Task - register succeed at time:Tue Dec 19 2017 18:03:48 GMT+0800 (CST)
2017-12-19 18:12:50.251 [main] INFO Task - register succeed at time:Tue Dec 19 2017 18:03:50 GMT+0800 (CST)
2017-12-19 18:12:49.156 [main] INFO Task - register succeed at time:Tue Dec 19 2017 18:04:49 GMT+0800 (CST)
2017-12-19 18:12:50.210 [main] INFO Task - register succeed at time:Tue Dec 19 2017 18:04:50 GMT+0800 (CST)
2017-12-19 18:12:50.144 [main] INFO Task - register succeed at time:Tue Dec 19 2017 18:05:50 GMT+0800 (CST)
2017-12-19 18:12:50.148 [main] INFO Task - register succeed at time:Tue Dec 19 2017 18:05:50 GMT+0800 (CST)
2017-12-19 18:12:16.907 [main] INFO SocketIniter - disconnect
2017-12-19 18:12:21.176 [main] INFO SocketIniter - connection
2017-12-19 18:12:22.437 [main] INFO SocketIniter - disconnect
2017-12-19 18:12:22.556 [main] INFO SocketIniter - connection
2017-12-19 18:12:25.509 [main] INFO SocketIniter - disconnect
2017-12-19 18:12:25.658 [main] INFO SocketIniter - connection
2017-12-19 18:12:26.241 [main] INFO SocketIniter - disconnect
2017-12-19 18:12:26.362 [main] INFO SocketIniter - connection
2017-12-19 18:12:26.808 [main] INFO SocketIniter - disconnect
2017-12-19 18:12:26.944 [main] INFO SocketIniter - connection
2017-12-19 18:12:27.439 [main] INFO SocketIniter - disconnect
2017-12-19 18:12:27.567 [main] INFO SocketIniter - connection
2017-12-19 18:12:33.618 [main] INFO SocketIniter - disconnect
2017-12-19 18:12:33.787 [main] INFO SocketIniter - connection
2017-12-19 18:12:34.196 [main] INFO SocketIniter - disconnect
2017-12-19 18:12:34.323 [main] INFO SocketIniter - connection
2017-12-19 18:12:34.694 [main] INFO SocketIniter - disconnect
2017-12-19 18:12:34.819 [main] INFO SocketIniter - connection
2017-12-19 18:12:35.019 [main] INFO SocketIniter - disconnect
2017-12-19 18:12:49.964 [main] INFO SocketIniter - connection
2017-12-19 18:12:51.143 [main] INFO Task - register succeed at time:Tue Dec 19 2017 18:06:51 GMT+0800 (CST)
2017-12-19 18:12:51.146 [main] INFO Task - register succeed at time:Tue Dec 19 2017 18:06:51 GMT+0800 (CST)
2017-12-19 18:12:57.469 [main] INFO SocketIniter - disconnect
2017-12-19 18:12:57.637 [main] INFO SocketIniter - connection
2017-12-19 18:12:28.594 [main] INFO SocketIniter - disconnect
2017-12-19 18:12:28.782 [main] INFO SocketIniter - connection
2017-12-19 18:12:30.853 [main] INFO SocketIniter - disconnect
2017-12-19 18:12:31.008 [main] INFO SocketIniter - connection
2017-12-19 18:12:50.649 [main] INFO SocketIniter - disconnect
2017-12-19 18:12:50.826 [main] INFO SocketIniter - connection
2017-12-19 18:12:52.137 [main] INFO Task - register succeed at time:Tue Dec 19 2017 18:07:52 GMT+0800 (CST)
2017-12-19 18:12:52.143 [main] INFO Task - register succeed at time:Tue Dec 19 2017 18:07:52 GMT+0800 (CST)
2017-12-19 18:12:52.143 [main] INFO Task - register succeed at time:Tue Dec 19 2017 18:08:52 GMT+0800 (CST)
2017-12-19 18:12:52.151 [main] INFO Task - register succeed at time:Tue Dec 19 2017 18:08:52 GMT+0800 (CST)
2017-12-19 18:12:53.143 [main] INFO Task - register succeed at time:Tue Dec 19 2017 18:09:53 GMT+0800 (CST)
2017-12-19 18:12:53.146 [main] INFO Task - register succeed at time:Tue Dec 19 2017 18:09:53 GMT+0800 (CST)
2017-12-19 18:12:53.138 [main] INFO Task - register succeed at time:Tue Dec 19 2017 18:10:53 GMT+0800 (CST)
2017-12-19 18:12:53.148 [main] INFO Task - register succeed at time:Tue Dec 19 2017 18:10:53 GMT+0800 (CST)
2017-12-19 18:12:54.144 [main] INFO Task - register succeed at time:Tue Dec 19 2017 18:11:54 GMT+0800 (CST)
2017-12-19 18:12:54.149 [main] INFO Task - register succeed at time:Tue Dec 19 2017 18:11:54 GMT+0800 (CST)
2017-12-19 18:12:54.162 [main] INFO Task - register succeed at time:Tue Dec 19 2017 18:12:54 GMT+0800 (CST)
2017-12-19 18:12:54.162 [main] INFO Task - register succeed at time:Tue Dec 19 2017 18:12:54 GMT+0800 (CST)
2017-12-19 18:12:55.154 [main] INFO Task - register succeed at time:Tue Dec 19 2017 18:13:55 GMT+0800 (CST)
2017-12-19 18:12:55.158 [main] INFO Task - register succeed at time:Tue Dec 19 2017 18:13:55 GMT+0800 (CST)
2017-12-19 18:12:55.162 [main] INFO Task - register succeed at time:Tue Dec 19 2017 18:14:55 GMT+0800 (CST)
2017-12-19 18:12:55.162 [main] INFO Task - register succeed at time:Tue Dec 19 2017 18:14:55 GMT+0800 (CST)
2017-12-19 18:12:56.132 [main] INFO Task - register succeed at time:Tue Dec 19 2017 18:15:56 GMT+0800 (CST)
2017-12-19 18:12:56.149 [main] INFO Task - register succeed at time:Tue Dec 19 2017 18:15:56 GMT+0800 (CST)
2017-12-19 18:12:57.137 [main] INFO Task - register succeed at time:Tue Dec 19 2017 18:16:57 GMT+0800 (CST)
2017-12-19 18:12:57.141 [main] INFO Task - register succeed at time:Tue Dec 19 2017 18:16:57 GMT+0800 (CST)
2017-12-19 18:12:57.150 [main] INFO Task - register succeed at time:Tue Dec 19 2017 18:17:57 GMT+0800 (CST)
2017-12-19 18:12:57.150 [main] INFO Task - register succeed at time:Tue Dec 19 2017 18:17:57 GMT+0800 (CST)
2017-12-19 18:12:57.140 [main] INFO Task - register succeed at time:Tue Dec 19 2017 18:18:57 GMT+0800 (CST)
2017-12-19 18:12:57.156 [main] INFO Task - register succeed at time:Tue Dec 19 2017 18:18:57 GMT+0800 (CST)
2017-12-19 18:12:58.164 [main] INFO Task - register succeed at time:Tue Dec 19 2017 18:19:58 GMT+0800 (CST)
2017-12-19 18:12:58.164 [main] INFO Task - register succeed at time:Tue Dec 19 2017 18:19:58 GMT+0800 (CST)
2017-12-19 18:12:58.138 [main] INFO Task - register succeed at time:Tue Dec 19 2017 18:20:58 GMT+0800 (CST)
2017-12-19 18:12:58.159 [main] INFO Task - register succeed at time:Tue Dec 19 2017 18:20:58 GMT+0800 (CST)
2017-12-19 18:12:59.153 [main] INFO Task - register succeed at time:Tue Dec 19 2017 18:21:59 GMT+0800 (CST)
2017-12-19 18:12:59.155 [main] INFO Task - register succeed at time:Tue Dec 19 2017 18:21:59 GMT+0800 (CST)
2017-12-19 18:12:00.151 [main] INFO Task - register succeed at time:Tue Dec 19 2017 18:23:00 GMT+0800 (CST)
2017-12-19 18:12:00.151 [main] INFO Task - register succeed at time:Tue Dec 19 2017 18:23:00 GMT+0800 (CST)
2017-12-19 18:12:00.148 [main] INFO Task - register succeed at time:Tue Dec 19 2017 18:24:00 GMT+0800 (CST)
2017-12-19 18:12:00.159 [main] INFO Task - register succeed at time:Tue Dec 19 2017 18:24:00 GMT+0800 (CST)
2017-12-19 18:12:01.133 [main] INFO Task - register succeed at time:Tue Dec 19 2017 18:25:01 GMT+0800 (CST)
2017-12-19 18:12:01.169 [main] INFO Task - register succeed at time:Tue Dec 19 2017 18:25:01 GMT+0800 (CST)
2017-12-19 18:12:02.131 [main] INFO Task - register succeed at time:Tue Dec 19 2017 18:26:02 GMT+0800 (CST)
2017-12-19 18:12:02.144 [main] INFO Task - register succeed at time:Tue Dec 19 2017 18:26:02 GMT+0800 (CST)
2017-12-19 18:12:02.141 [main] INFO Task - register succeed at time:Tue Dec 19 2017 18:27:02 GMT+0800 (CST)
2017-12-19 18:12:02.151 [main] INFO Task - register succeed at time:Tue Dec 19 2017 18:27:02 GMT+0800 (CST)
2017-12-19 18:12:03.160 [main] INFO Task - register succeed at time:Tue Dec 19 2017 18:28:03 GMT+0800 (CST)
2017-12-19 18:12:03.160 [main] INFO Task - register succeed at time:Tue Dec 19 2017 18:28:03 GMT+0800 (CST)
2017-12-19 18:12:04.135 [main] INFO Task - register succeed at time:Tue Dec 19 2017 18:29:04 GMT+0800 (CST)
2017-12-19 18:12:04.138 [main] INFO Task - register succeed at time:Tue Dec 19 2017 18:29:04 GMT+0800 (CST)
2017-12-19 18:12:05.134 [main] INFO Task - register succeed at time:Tue Dec 19 2017 18:30:05 GMT+0800 (CST)
2017-12-19 18:12:05.137 [main] INFO Task - register succeed at time:Tue Dec 19 2017 18:30:05 GMT+0800 (CST)
2017-12-19 18:12:06.195 [main] INFO Task - register succeed at time:Tue Dec 19 2017 18:31:06 GMT+0800 (CST)
2017-12-19 18:12:06.195 [main] INFO Task - register succeed at time:Tue Dec 19 2017 18:31:06 GMT+0800 (CST)
2017-12-19 18:12:06.139 [main] INFO Task - register succeed at time:Tue Dec 19 2017 18:32:06 GMT+0800 (CST)
2017-12-19 18:12:07.152 [main] INFO Task - register succeed at time:Tue Dec 19 2017 18:32:07 GMT+0800 (CST)
2017-12-19 18:12:07.148 [main] INFO Task - register succeed at time:Tue Dec 19 2017 18:33:07 GMT+0800 (CST)
2017-12-19 18:12:08.170 [main] INFO Task - register succeed at time:Tue Dec 19 2017 18:33:08 GMT+0800 (CST)
2017-12-19 18:12:07.145 [main] INFO Task - register succeed at time:Tue Dec 19 2017 18:34:07 GMT+0800 (CST)
2017-12-19 18:12:09.151 [main] INFO Task - register succeed at time:Tue Dec 19 2017 18:34:09 GMT+0800 (CST)
2017-12-19 18:12:09.144 [main] INFO Task - register succeed at time:Tue Dec 19 2017 18:35:09 GMT+0800 (CST)
2017-12-19 18:12:10.137 [main] INFO Task - register succeed at time:Tue Dec 19 2017 18:35:10 GMT+0800 (CST)
2017-12-19 18:12:08.193 [main] INFO Task - register succeed at time:Tue Dec 19 2017 18:36:08 GMT+0800 (CST)
2017-12-19 18:12:10.155 [main] INFO Task - register succeed at time:Tue Dec 19 2017 18:36:10 GMT+0800 (CST)
2017-12-19 18:12:09.146 [main] INFO Task - register succeed at time:Tue Dec 19 2017 18:37:09 GMT+0800 (CST)
2017-12-19 18:12:10.151 [main] INFO Task - register succeed at time:Tue Dec 19 2017 18:37:10 GMT+0800 (CST)
2017-12-19 18:12:10.141 [main] INFO Task - register succeed at time:Tue Dec 19 2017 18:38:10 GMT+0800 (CST)
2017-12-19 18:12:11.145 [main] INFO Task - register succeed at time:Tue Dec 19 2017 18:38:11 GMT+0800 (CST)
2017-12-19 18:12:10.155 [main] INFO Task - register succeed at time:Tue Dec 19 2017 18:39:10 GMT+0800 (CST)
2017-12-19 18:12:11.142 [main] INFO Task - register succeed at time:Tue Dec 19 2017 18:39:11 GMT+0800 (CST)
2017-12-19 18:12:11.140 [main] INFO Task - register succeed at time:Tue Dec 19 2017 18:40:11 GMT+0800 (CST)
2017-12-19 18:12:12.143 [main] INFO Task - register succeed at time:Tue Dec 19 2017 18:40:12 GMT+0800 (CST)
2017-12-19 18:12:12.614 [main] INFO Task - register succeed at time:Tue Dec 19 2017 18:41:12 GMT+0800 (CST)
2017-12-19 18:12:13.050 [main] INFO Task - register succeed at time:Tue Dec 19 2017 18:41:13 GMT+0800 (CST)
2017-12-19 18:12:12.148 [main] INFO Task - register succeed at time:Tue Dec 19 2017 18:42:12 GMT+0800 (CST)
2017-12-19 18:12:12.151 [main] INFO Task - register succeed at time:Tue Dec 19 2017 18:42:12 GMT+0800 (CST)
2017-12-19 18:12:14.545 [main] INFO Task - register succeed at time:Tue Dec 19 2017 18:43:14 GMT+0800 (CST)
2017-12-19 18:12:14.545 [main] INFO Task - register succeed at time:Tue Dec 19 2017 18:43:14 GMT+0800 (CST)
2017-12-19 18:12:13.150 [main] INFO Task - register succeed at time:Tue Dec 19 2017 18:44:13 GMT+0800 (CST)
2017-12-19 18:12:14.155 [main] INFO Task - register succeed at time:Tue Dec 19 2017 18:44:14 GMT+0800 (CST)
2017-12-19 18:12:14.164 [main] INFO Task - register succeed at time:Tue Dec 19 2017 18:45:14 GMT+0800 (CST)
2017-12-19 18:12:14.167 [main] INFO Task - register succeed at time:Tue Dec 19 2017 18:45:14 GMT+0800 (CST)
2017-12-19 18:12:15.140 [main] INFO Task - register succeed at time:Tue Dec 19 2017 18:46:15 GMT+0800 (CST)
2017-12-19 18:12:15.155 [main] INFO Task - register succeed at time:Tue Dec 19 2017 18:46:15 GMT+0800 (CST)
2017-12-19 18:12:16.137 [main] INFO Task - register succeed at time:Tue Dec 19 2017 18:47:16 GMT+0800 (CST)
2017-12-19 18:12:16.155 [main] INFO Task - register succeed at time:Tue Dec 19 2017 18:47:16 GMT+0800 (CST)
2017-12-19 18:12:17.143 [main] INFO Task - register succeed at time:Tue Dec 19 2017 18:48:17 GMT+0800 (CST)
2017-12-19 18:12:17.151 [main] INFO Task - register succeed at time:Tue Dec 19 2017 18:48:17 GMT+0800 (CST)
2017-12-19 18:12:18.135 [main] INFO Task - register succeed at time:Tue Dec 19 2017 18:49:18 GMT+0800 (CST)
2017-12-19 18:12:18.139 [main] INFO Task - register succeed at time:Tue Dec 19 2017 18:49:18 GMT+0800 (CST)
2017-12-19 18:12:19.146 [main] INFO Task - register succeed at time:Tue Dec 19 2017 18:50:19 GMT+0800 (CST)
2017-12-19 18:12:19.147 [main] INFO Task - register succeed at time:Tue Dec 19 2017 18:50:19 GMT+0800 (CST)
2017-12-19 18:12:19.145 [main] INFO Task - register succeed at time:Tue Dec 19 2017 18:51:19 GMT+0800 (CST)
2017-12-19 18:12:19.149 [main] INFO Task - register succeed at time:Tue Dec 19 2017 18:51:19 GMT+0800 (CST)
2017-12-19 18:12:20.850 [main] INFO Task - register succeed at time:Tue Dec 19 2017 18:52:20 GMT+0800 (CST)
2017-12-19 18:12:20.851 [main] INFO Task - register succeed at time:Tue Dec 19 2017 18:52:20 GMT+0800 (CST)
2017-12-19 18:12:21.132 [main] INFO Task - register succeed at time:Tue Dec 19 2017 18:53:21 GMT+0800 (CST)
2017-12-19 18:12:21.140 [main] INFO Task - register succeed at time:Tue Dec 19 2017 18:53:21 GMT+0800 (CST)
2017-12-19 18:12:21.152 [main] INFO Task - register succeed at time:Tue Dec 19 2017 18:54:21 GMT+0800 (CST)
2017-12-19 18:12:21.155 [main] INFO Task - register succeed at time:Tue Dec 19 2017 18:54:21 GMT+0800 (CST)
2017-12-19 18:12:22.139 [main] INFO Task - register succeed at time:Tue Dec 19 2017 18:55:22 GMT+0800 (CST)
2017-12-19 18:12:22.144 [main] INFO Task - register succeed at time:Tue Dec 19 2017 18:55:22 GMT+0800 (CST)
2017-12-19 18:12:22.144 [main] INFO Task - register succeed at time:Tue Dec 19 2017 18:56:22 GMT+0800 (CST)
2017-12-19 18:12:22.157 [main] INFO Task - register succeed at time:Tue Dec 19 2017 18:56:22 GMT+0800 (CST)
2017-12-19 18:12:23.135 [main] INFO Task - register succeed at time:Tue Dec 19 2017 18:57:23 GMT+0800 (CST)
2017-12-19 18:12:23.138 [main] INFO Task - register succeed at time:Tue Dec 19 2017 18:57:23 GMT+0800 (CST)
2017-12-19 18:12:24.140 [main] INFO Task - register succeed at time:Tue Dec 19 2017 18:58:24 GMT+0800 (CST)
2017-12-19 18:12:24.158 [main] INFO Task - register succeed at time:Tue Dec 19 2017 18:58:24 GMT+0800 (CST)
2017-12-19 18:12:24.149 [main] INFO Task - register succeed at time:Tue Dec 19 2017 18:59:24 GMT+0800 (CST)
2017-12-19 18:12:25.144 [main] INFO Task - register succeed at time:Tue Dec 19 2017 18:59:25 GMT+0800 (CST)
2017-12-19 19:12:25.151 [main] INFO Task - register succeed at time:Tue Dec 19 2017 19:00:25 GMT+0800 (CST)
2017-12-19 19:12:26.151 [main] INFO Task - register succeed at time:Tue Dec 19 2017 19:00:26 GMT+0800 (CST)
2017-12-19 19:12:26.142 [main] INFO Task - register succeed at time:Tue Dec 19 2017 19:01:26 GMT+0800 (CST)
2017-12-19 19:12:26.147 [main] INFO Task - register succeed at time:Tue Dec 19 2017 19:01:26 GMT+0800 (CST)
2017-12-19 19:12:27.207 [main] INFO Task - register succeed at time:Tue Dec 19 2017 19:02:27 GMT+0800 (CST)
2017-12-19 19:12:27.207 [main] INFO Task - register succeed at time:Tue Dec 19 2017 19:02:27 GMT+0800 (CST)
2017-12-19 19:12:28.147 [main] INFO Task - register succeed at time:Tue Dec 19 2017 19:03:28 GMT+0800 (CST)
2017-12-19 19:12:28.153 [main] INFO Task - register succeed at time:Tue Dec 19 2017 19:03:28 GMT+0800 (CST)
2017-12-19 19:12:29.171 [main] INFO Task - register succeed at time:Tue Dec 19 2017 19:04:29 GMT+0800 (CST)
2017-12-19 19:12:29.171 [main] INFO Task - register succeed at time:Tue Dec 19 2017 19:04:29 GMT+0800 (CST)
2017-12-19 19:12:30.147 [main] INFO Task - register succeed at time:Tue Dec 19 2017 19:05:30 GMT+0800 (CST)
2017-12-19 19:12:30.173 [main] INFO Task - register succeed at time:Tue Dec 19 2017 19:05:30 GMT+0800 (CST)
2017-12-19 19:12:30.146 [main] INFO Task - register succeed at time:Tue Dec 19 2017 19:06:30 GMT+0800 (CST)
2017-12-19 19:12:30.146 [main] INFO Task - register succeed at time:Tue Dec 19 2017 19:06:30 GMT+0800 (CST)
2017-12-19 19:12:31.136 [main] INFO Task - register succeed at time:Tue Dec 19 2017 19:07:31 GMT+0800 (CST)
2017-12-19 19:12:31.146 [main] INFO Task - register succeed at time:Tue Dec 19 2017 19:07:31 GMT+0800 (CST)
2017-12-19 19:12:32.199 [main] INFO Task - register succeed at time:Tue Dec 19 2017 19:08:32 GMT+0800 (CST)
2017-12-19 19:12:32.199 [main] INFO Task - register succeed at time:Tue Dec 19 2017 19:08:32 GMT+0800 (CST)
2017-12-19 19:12:32.191 [main] INFO Task - register succeed at time:Tue Dec 19 2017 19:09:32 GMT+0800 (CST)
2017-12-19 19:12:32.191 [main] INFO Task - register succeed at time:Tue Dec 19 2017 19:09:32 GMT+0800 (CST)
2017-12-19 19:12:33.135 [main] INFO Task - register succeed at time:Tue Dec 19 2017 19:10:33 GMT+0800 (CST)
2017-12-19 19:12:33.145 [main] INFO Task - register succeed at time:Tue Dec 19 2017 19:10:33 GMT+0800 (CST)
2017-12-19 19:12:33.133 [main] INFO Task - register succeed at time:Tue Dec 19 2017 19:11:33 GMT+0800 (CST)
2017-12-19 19:12:33.190 [main] INFO Task - register succeed at time:Tue Dec 19 2017 19:11:33 GMT+0800 (CST)
2017-12-19 19:12:34.196 [main] INFO Task - register succeed at time:Tue Dec 19 2017 19:12:34 GMT+0800 (CST)
2017-12-19 19:12:34.197 [main] INFO Task - register succeed at time:Tue Dec 19 2017 19:12:34 GMT+0800 (CST)
2017-12-19 19:12:35.136 [main] INFO Task - register succeed at time:Tue Dec 19 2017 19:13:35 GMT+0800 (CST)
2017-12-19 19:12:35.150 [main] INFO Task - register succeed at time:Tue Dec 19 2017 19:13:35 GMT+0800 (CST)
2017-12-19 19:12:36.134 [main] INFO Task - register succeed at time:Tue Dec 19 2017 19:14:36 GMT+0800 (CST)
2017-12-19 19:12:36.157 [main] INFO Task - register succeed at time:Tue Dec 19 2017 19:14:36 GMT+0800 (CST)
2017-12-19 19:12:36.153 [main] INFO Task - register succeed at time:Tue Dec 19 2017 19:15:36 GMT+0800 (CST)
2017-12-19 19:12:36.162 [main] INFO Task - register succeed at time:Tue Dec 19 2017 19:15:36 GMT+0800 (CST)
2017-12-19 19:12:37.137 [main] INFO Task - register succeed at time:Tue Dec 19 2017 19:16:37 GMT+0800 (CST)
2017-12-19 19:12:37.145 [main] INFO Task - register succeed at time:Tue Dec 19 2017 19:16:37 GMT+0800 (CST)
2017-12-19 19:12:37.150 [main] INFO Task - register succeed at time:Tue Dec 19 2017 19:17:37 GMT+0800 (CST)
2017-12-19 19:12:37.150 [main] INFO Task - register succeed at time:Tue Dec 19 2017 19:17:37 GMT+0800 (CST)
2017-12-19 19:12:37.137 [main] INFO Task - register succeed at time:Tue Dec 19 2017 19:18:37 GMT+0800 (CST)
2017-12-19 19:12:37.146 [main] INFO Task - register succeed at time:Tue Dec 19 2017 19:18:37 GMT+0800 (CST)
2017-12-19 19:12:38.142 [main] INFO Task - register succeed at time:Tue Dec 19 2017 19:19:38 GMT+0800 (CST)
2017-12-19 19:12:38.145 [main] INFO Task - register succeed at time:Tue Dec 19 2017 19:19:38 GMT+0800 (CST)
2017-12-19 19:12:38.139 [main] INFO Task - register succeed at time:Tue Dec 19 2017 19:20:38 GMT+0800 (CST)
2017-12-19 19:12:38.149 [main] INFO Task - register succeed at time:Tue Dec 19 2017 19:20:38 GMT+0800 (CST)
2017-12-19 19:12:39.137 [main] INFO Task - register succeed at time:Tue Dec 19 2017 19:21:39 GMT+0800 (CST)
2017-12-19 19:12:39.139 [main] INFO Task - register succeed at time:Tue Dec 19 2017 19:21:39 GMT+0800 (CST)
2017-12-19 19:12:39.137 [main] INFO Task - register succeed at time:Tue Dec 19 2017 19:22:39 GMT+0800 (CST)
2017-12-19 19:12:39.148 [main] INFO Task - register succeed at time:Tue Dec 19 2017 19:22:39 GMT+0800 (CST)
2017-12-19 19:12:41.453 [main] INFO Task - register succeed at time:Tue Dec 19 2017 19:23:41 GMT+0800 (CST)
2017-12-19 19:12:41.453 [main] INFO Task - register succeed at time:Tue Dec 19 2017 19:23:41 GMT+0800 (CST)
2017-12-19 19:12:41.142 [main] INFO Task - register succeed at time:Tue Dec 19 2017 19:24:41 GMT+0800 (CST)
2017-12-19 19:12:41.147 [main] INFO Task - register succeed at time:Tue Dec 19 2017 19:24:41 GMT+0800 (CST)
2017-12-19 19:12:41.142 [main] INFO Task - register succeed at time:Tue Dec 19 2017 19:25:41 GMT+0800 (CST)
2017-12-19 19:12:41.149 [main] INFO Task - register succeed at time:Tue Dec 19 2017 19:25:41 GMT+0800 (CST)
2017-12-19 19:12:42.136 [main] INFO Task - register succeed at time:Tue Dec 19 2017 19:26:42 GMT+0800 (CST)
2017-12-19 19:12:42.145 [main] INFO Task - register succeed at time:Tue Dec 19 2017 19:26:42 GMT+0800 (CST)
2017-12-19 19:12:18.461 [main] ERROR server - Error: ENOENT: no such file or directory, open '/Users/jsen/Documents/GitProjects/POJ/DeliverWater/Server/DeliverWaterSocket/runtime/lock'
2017-12-19 19:12:18.463 [main] ERROR server - Error: ENOENT: no such file or directory, open '/Users/jsen/Documents/GitProjects/POJ/DeliverWater/Server/DeliverWaterSocket/runtime/lock'
2017-12-19 19:12:18.470 [main] INFO RedisIniter - connect
2017-12-19 19:12:18.477 [main] INFO MongoseIniter - MongoDB open:deliverwater
2017-12-19 19:12:18.480 [main] INFO RedisIniter - Ready
2017-12-19 19:12:19.045 [main] ERROR server - [object Object]
2017-12-19 19:12:19.046 [main] ERROR server - Error: ENOENT: no such file or directory, open '/Users/jsen/Documents/GitProjects/POJ/DeliverWater/Server/DeliverWaterSocket/runtime/lock'
2017-12-19 19:12:19.048 [main] INFO server - 服务器端口：7083
2017-12-19 19:12:19.054 [main] INFO RedisIniter - connect
2017-12-19 19:12:19.063 [main] INFO MongoseIniter - MongoDB open:deliverwater
2017-12-19 19:12:19.065 [main] INFO RedisIniter - Ready
2017-12-19 19:12:19.163 [main] INFO Task - register succeed at time:Tue Dec 19 2017 19:40:19 GMT+0800 (CST)
2017-12-19 19:12:21.159 [main] INFO Task - register succeed at time:Tue Dec 19 2017 19:40:21 GMT+0800 (CST)
2017-12-19 19:12:36.018 [main] INFO SocketIniter - connection
2017-12-19 19:12:44.214 [main] INFO SocketIniter - disconnect
2017-12-19 19:12:44.292 [main] INFO SocketIniter - connection
2017-12-19 19:12:44.873 [main] INFO SocketIniter - disconnect
2017-12-19 19:12:44.931 [main] INFO SocketIniter - connection
2017-12-19 19:12:20.147 [main] INFO Task - register succeed at time:Tue Dec 19 2017 19:41:20 GMT+0800 (CST)
2017-12-19 19:12:21.145 [main] INFO Task - register succeed at time:Tue Dec 19 2017 19:41:21 GMT+0800 (CST)
2017-12-19 19:12:22.708 [main] INFO SocketIniter - disconnect
2017-12-19 19:12:20.143 [main] INFO Task - register succeed at time:Tue Dec 19 2017 19:42:20 GMT+0800 (CST)
2017-12-19 19:12:21.139 [main] INFO Task - register succeed at time:Tue Dec 19 2017 19:42:21 GMT+0800 (CST)
2017-12-19 19:12:56.465 [main] INFO SocketIniter - connection
2017-12-19 19:12:02.484 [main] INFO SocketIniter - connection
2017-12-19 19:12:04.918 [main] INFO SocketIniter - connection
2017-12-19 19:12:05.508 [main] INFO SocketIniter - connection
2017-12-19 19:12:05.951 [main] INFO SocketIniter - connection
2017-12-19 19:12:06.162 [main] INFO SocketIniter - connection
2017-12-19 19:12:06.380 [main] INFO SocketIniter - connection
2017-12-19 19:12:06.597 [main] INFO SocketIniter - connection
2017-12-19 19:12:08.254 [main] INFO SocketIniter - connection
2017-12-19 19:12:11.439 [main] INFO SocketIniter - connection
2017-12-19 19:12:16.737 [main] INFO SocketIniter - connection
2017-12-19 19:12:21.398 [main] INFO Task - register succeed at time:Tue Dec 19 2017 19:43:21 GMT+0800 (CST)
2017-12-19 19:12:21.398 [main] INFO Task - register succeed at time:Tue Dec 19 2017 19:43:21 GMT+0800 (CST)
2017-12-19 19:12:22.750 [main] INFO SocketIniter - connection
2017-12-19 19:12:28.766 [main] INFO SocketIniter - connection
2017-12-19 19:12:34.784 [main] INFO SocketIniter - connection
2017-12-19 19:12:40.800 [main] INFO SocketIniter - connection
2017-12-19 19:12:46.811 [main] INFO SocketIniter - connection
2017-12-19 19:12:52.823 [main] INFO SocketIniter - connection
2017-12-19 19:12:58.839 [main] INFO SocketIniter - connection
2017-12-19 19:12:04.857 [main] INFO SocketIniter - connection
2017-12-19 19:12:10.871 [main] INFO SocketIniter - connection
2017-12-19 19:12:16.885 [main] INFO SocketIniter - connection
2017-12-19 19:12:20.301 [main] INFO SocketIniter - connection
2017-12-19 19:12:20.969 [main] INFO SocketIniter - connection
2017-12-19 19:12:21.439 [main] INFO SocketIniter - connection
2017-12-19 19:12:21.470 [main] INFO SocketIniter - disconnect
2017-12-19 19:12:22.156 [main] INFO Task - register succeed at time:Tue Dec 19 2017 19:44:22 GMT+0800 (CST)
2017-12-19 19:12:22.156 [main] INFO Task - register succeed at time:Tue Dec 19 2017 19:44:22 GMT+0800 (CST)
2017-12-19 19:12:22.630 [main] INFO SocketIniter - connection
2017-12-19 19:12:24.182 [main] INFO SocketIniter - connection
2017-12-19 19:12:27.487 [main] INFO SocketIniter - disconnect
2017-12-19 19:12:27.600 [main] INFO SocketIniter - connection
2017-12-19 19:12:29.923 [main] INFO SocketIniter - disconnect
2017-12-19 19:12:30.512 [main] INFO SocketIniter - disconnect
2017-12-19 19:12:30.954 [main] INFO SocketIniter - disconnect
2017-12-19 19:12:31.167 [main] INFO SocketIniter - disconnect
2017-12-19 19:12:31.381 [main] INFO SocketIniter - disconnect
2017-12-19 19:12:31.603 [main] INFO SocketIniter - disconnect
2017-12-19 19:12:32.992 [main] INFO SocketIniter - connection
2017-12-19 19:12:33.260 [main] INFO SocketIniter - disconnect
2017-12-19 19:12:33.592 [main] INFO SocketIniter - connection
2017-12-19 19:12:33.717 [main] INFO SocketIniter - connection
2017-12-19 19:12:34.358 [main] INFO SocketIniter - connection
2017-12-19 19:12:35.755 [main] INFO SocketIniter - connection
2017-12-19 19:12:36.443 [main] INFO SocketIniter - disconnect
2017-12-19 19:12:38.340 [main] INFO SocketIniter - connection
2017-12-19 19:12:41.741 [main] INFO SocketIniter - disconnect
2017-12-19 19:12:41.878 [main] INFO SocketIniter - connection
2017-12-19 19:12:48.582 [main] ERROR server - Error: ENOENT: no such file or directory, open '/Users/jsen/Documents/GitProjects/POJ/DeliverWater/Server/DeliverWaterSocket/runtime/lock'
2017-12-19 19:12:48.584 [main] ERROR server - Error: ENOENT: no such file or directory, open '/Users/jsen/Documents/GitProjects/POJ/DeliverWater/Server/DeliverWaterSocket/runtime/lock'
2017-12-19 19:12:48.591 [main] INFO RedisIniter - connect
2017-12-19 19:12:48.599 [main] INFO MongoseIniter - MongoDB open:deliverwater
2017-12-19 19:12:48.602 [main] INFO RedisIniter - Ready
2017-12-19 19:12:49.169 [main] ERROR server - [object Object]
2017-12-19 19:12:49.170 [main] ERROR server - Error: ENOENT: no such file or directory, open '/Users/jsen/Documents/GitProjects/POJ/DeliverWater/Server/DeliverWaterSocket/runtime/lock'
2017-12-19 19:12:49.172 [main] INFO server - 服务器端口：7083
2017-12-19 19:12:49.178 [main] INFO RedisIniter - connect
2017-12-19 19:12:49.185 [main] INFO MongoseIniter - MongoDB open:deliverwater
2017-12-19 19:12:49.187 [main] INFO RedisIniter - Ready
2017-12-19 19:12:49.192 [main] INFO Task - register succeed at time:Tue Dec 19 2017 19:44:49 GMT+0800 (CST)
2017-12-19 19:12:50.149 [main] INFO Task - register succeed at time:Tue Dec 19 2017 19:44:50 GMT+0800 (CST)
2017-12-19 19:12:53.912 [main] INFO SocketIniter - connection
2017-12-19 19:12:59.928 [main] INFO SocketIniter - connection
2017-12-19 19:12:04.938 [main] INFO SocketIniter - connection
2017-12-19 19:12:10.952 [main] INFO SocketIniter - connection
2017-12-19 19:12:16.962 [main] INFO SocketIniter - connection
2017-12-19 19:12:22.975 [main] INFO SocketIniter - connection
2017-12-19 19:12:28.992 [main] INFO SocketIniter - connection
2017-12-19 19:12:35.012 [main] INFO SocketIniter - connection
2017-12-19 19:12:41.022 [main] INFO SocketIniter - connection
2017-12-19 19:12:46.032 [main] INFO SocketIniter - connection
2017-12-19 19:12:50.158 [main] INFO Task - register succeed at time:Tue Dec 19 2017 19:45:50 GMT+0800 (CST)
2017-12-19 19:12:51.142 [main] INFO Task - register succeed at time:Tue Dec 19 2017 19:45:51 GMT+0800 (CST)
2017-12-19 19:12:52.048 [main] INFO SocketIniter - connection
2017-12-19 19:12:58.064 [main] INFO SocketIniter - connection
2017-12-19 19:12:04.078 [main] INFO SocketIniter - connection
2017-12-19 19:12:10.105 [main] INFO SocketIniter - connection
2017-12-19 19:12:16.123 [main] INFO SocketIniter - connection
2017-12-19 19:12:18.912 [main] INFO SocketIniter - disconnect
2017-12-19 19:12:22.137 [main] INFO SocketIniter - connection
2017-12-19 19:12:24.931 [main] INFO SocketIniter - disconnect
2017-12-19 19:12:28.153 [main] INFO SocketIniter - connection
2017-12-19 19:12:29.939 [main] INFO SocketIniter - disconnect
2017-12-19 19:12:34.168 [main] INFO SocketIniter - connection
2017-12-19 19:12:35.958 [main] INFO SocketIniter - disconnect
2017-12-19 19:12:40.181 [main] INFO SocketIniter - connection
2017-12-19 19:12:41.966 [main] INFO SocketIniter - disconnect
2017-12-19 19:12:47.980 [main] INFO SocketIniter - disconnect
2017-12-19 19:12:51.149 [main] INFO Task - register succeed at time:Tue Dec 19 2017 19:46:51 GMT+0800 (CST)
2017-12-19 19:12:51.149 [main] INFO Task - register succeed at time:Tue Dec 19 2017 19:46:51 GMT+0800 (CST)
2017-12-19 19:12:53.997 [main] INFO SocketIniter - disconnect
2017-12-19 19:12:00.012 [main] INFO SocketIniter - disconnect
2017-12-19 19:12:06.026 [main] INFO SocketIniter - disconnect
2017-12-19 19:12:11.034 [main] INFO SocketIniter - disconnect
2017-12-19 19:12:17.051 [main] INFO SocketIniter - disconnect
2017-12-19 19:12:23.070 [main] INFO SocketIniter - disconnect
2017-12-19 19:12:29.081 [main] INFO SocketIniter - disconnect
2017-12-19 19:12:30.983 [main] INFO SocketIniter - connection
2017-12-19 19:12:35.106 [main] INFO SocketIniter - disconnect
2017-12-19 19:12:41.123 [main] INFO SocketIniter - disconnect
2017-12-19 19:12:47.139 [main] INFO SocketIniter - disconnect
2017-12-19 19:12:50.150 [main] INFO Task - register succeed at time:Tue Dec 19 2017 19:47:50 GMT+0800 (CST)
2017-12-19 19:12:51.146 [main] INFO Task - register succeed at time:Tue Dec 19 2017 19:47:51 GMT+0800 (CST)
2017-12-19 19:12:53.384 [main] ERROR server - Error: ENOENT: no such file or directory, open '/Users/jsen/Documents/GitProjects/POJ/DeliverWater/Server/DeliverWaterSocket/runtime/lock'
2017-12-19 19:12:53.386 [main] ERROR server - Error: ENOENT: no such file or directory, open '/Users/jsen/Documents/GitProjects/POJ/DeliverWater/Server/DeliverWaterSocket/runtime/lock'
2017-12-19 19:12:53.393 [main] INFO RedisIniter - connect
2017-12-19 19:12:53.401 [main] INFO MongoseIniter - MongoDB open:deliverwater
2017-12-19 19:12:53.404 [main] INFO RedisIniter - Ready
2017-12-19 19:12:53.973 [main] ERROR server - [object Object]
2017-12-19 19:12:53.974 [main] ERROR server - Error: ENOENT: no such file or directory, open '/Users/jsen/Documents/GitProjects/POJ/DeliverWater/Server/DeliverWaterSocket/runtime/lock'
2017-12-19 19:12:53.976 [main] INFO server - 服务器端口：7083
2017-12-19 19:12:53.983 [main] INFO RedisIniter - connect
2017-12-19 19:12:53.989 [main] INFO MongoseIniter - MongoDB open:deliverwater
2017-12-19 19:12:53.991 [main] INFO RedisIniter - Ready
2017-12-19 19:12:54.143 [main] INFO Task - register succeed at time:Tue Dec 19 2017 19:47:54 GMT+0800 (CST)
2017-12-19 19:12:54.148 [main] INFO Task - register succeed at time:Tue Dec 19 2017 19:47:54 GMT+0800 (CST)
2017-12-19 19:12:55.620 [main] INFO SocketIniter - connection
2017-12-19 19:12:56.897 [main] INFO SocketIniter - disconnect
2017-12-19 19:12:02.516 [main] ERROR server - Error: ENOENT: no such file or directory, open '/Users/jsen/Documents/GitProjects/POJ/DeliverWater/Server/DeliverWaterSocket/runtime/lock'
2017-12-19 19:12:02.518 [main] ERROR server - Error: ENOENT: no such file or directory, open '/Users/jsen/Documents/GitProjects/POJ/DeliverWater/Server/DeliverWaterSocket/runtime/lock'
2017-12-19 19:12:02.526 [main] INFO RedisIniter - connect
2017-12-19 19:12:02.533 [main] INFO MongoseIniter - MongoDB open:deliverwater
2017-12-19 19:12:02.535 [main] INFO RedisIniter - Ready
2017-12-19 19:12:03.110 [main] ERROR server - [object Object]
2017-12-19 19:12:03.111 [main] ERROR server - Error: ENOENT: no such file or directory, open '/Users/jsen/Documents/GitProjects/POJ/DeliverWater/Server/DeliverWaterSocket/runtime/lock'
2017-12-19 19:12:03.113 [main] INFO server - 服务器端口：7083
2017-12-19 19:12:03.120 [main] INFO RedisIniter - connect
2017-12-19 19:12:03.127 [main] INFO MongoseIniter - MongoDB open:deliverwater
2017-12-19 19:12:03.129 [main] INFO RedisIniter - Ready
2017-12-19 19:12:03.155 [main] INFO Task - register succeed at time:Tue Dec 19 2017 19:48:03 GMT+0800 (CST)
2017-12-19 19:12:04.151 [main] INFO Task - register succeed at time:Tue Dec 19 2017 19:48:04 GMT+0800 (CST)
2017-12-19 19:12:03.156 [main] INFO Task - register succeed at time:Tue Dec 19 2017 19:49:03 GMT+0800 (CST)
2017-12-19 19:12:04.144 [main] INFO Task - register succeed at time:Tue Dec 19 2017 19:49:04 GMT+0800 (CST)
2017-12-19 19:12:04.739 [main] INFO SocketIniter - connection
2017-12-19 19:12:21.570 [main] INFO SocketIniter - disconnect
2017-12-19 19:12:21.652 [main] INFO SocketIniter - connection
2017-12-19 19:12:22.523 [main] INFO SocketIniter - connection
2017-12-19 19:12:23.080 [main] INFO SocketIniter - connection
2017-12-19 19:12:23.507 [main] INFO SocketIniter - connection
2017-12-19 19:12:23.838 [main] INFO SocketIniter - connection
2017-12-19 19:12:33.041 [main] INFO SocketIniter - connection
2017-12-19 19:12:04.168 [main] INFO Task - register succeed at time:Tue Dec 19 2017 19:50:04 GMT+0800 (CST)
2017-12-19 19:12:05.162 [main] INFO Task - register succeed at time:Tue Dec 19 2017 19:50:05 GMT+0800 (CST)
2017-12-19 19:12:21.383 [main] INFO SocketIniter - connection
2017-12-19 19:12:21.483 [main] INFO SocketIniter - disconnect
2017-12-19 19:12:21.559 [main] INFO SocketIniter - connection
2017-12-19 19:12:22.276 [main] INFO SocketIniter - disconnect
2017-12-19 19:12:22.341 [main] INFO SocketIniter - connection
2017-12-19 19:12:29.274 [main] INFO SocketIniter - disconnect
2017-12-19 19:12:29.356 [main] INFO SocketIniter - connection
2017-12-19 19:12:30.966 [main] INFO SocketIniter - connection
2017-12-19 19:12:31.868 [main] INFO SocketIniter - connection
2017-12-19 19:12:46.657 [main] INFO SocketIniter - disconnect
2017-12-19 19:12:47.525 [main] INFO SocketIniter - disconnect
2017-12-19 19:12:48.085 [main] INFO SocketIniter - disconnect
2017-12-19 19:12:48.514 [main] INFO SocketIniter - disconnect
2017-12-19 19:12:48.842 [main] INFO SocketIniter - disconnect
2017-12-19 19:12:58.042 [main] INFO SocketIniter - disconnect
2017-12-19 19:12:05.148 [main] INFO Task - register succeed at time:Tue Dec 19 2017 19:51:05 GMT+0800 (CST)
2017-12-19 19:12:06.215 [main] INFO Task - register succeed at time:Tue Dec 19 2017 19:51:06 GMT+0800 (CST)
2017-12-19 19:12:54.357 [main] INFO SocketIniter - disconnect
2017-12-19 19:12:55.972 [main] INFO SocketIniter - disconnect
2017-12-19 19:12:56.870 [main] INFO SocketIniter - disconnect
